2025-07-15 11:06:44.673 [main] INFO  it.unibo.harmonikt.robot-manager - Starting Robot Manager service...
2025-07-15 11:06:44.885 [main] INFO  io.ktor.server.Application - Autoreload is disabled because the development mode is off.
2025-07-15 11:06:45.134 [main] INFO  io.ktor.server.Application - Application started in 0.41 seconds.
2025-07-15 11:06:45.134 [main] INFO  io.ktor.server.Application - Application started: io.ktor.server.application.Application@51dbd6e4
2025-07-15 11:06:45.209 [DefaultDispatcher-worker-2] INFO  io.ktor.server.Application - Responding at http://0.0.0.0:8080
2025-07-15 11:08:14.664 [KtorShutdownHook] INFO  io.ktor.server.Application - Application stopping: io.ktor.server.application.Application@51dbd6e4
2025-07-15 11:08:14.669 [KtorShutdownHook] INFO  io.ktor.server.Application - Application stopped: io.ktor.server.application.Application@51dbd6e4
2025-07-15 11:08:16.803 [main] INFO  it.unibo.harmonikt.robot-manager - Starting Robot Manager service...
2025-07-15 11:08:16.955 [main] INFO  io.ktor.server.Application - Autoreload is disabled because the development mode is off.
2025-07-15 11:08:17.187 [main] INFO  io.ktor.server.Application - Application started in 0.351 seconds.
2025-07-15 11:08:17.188 [main] INFO  io.ktor.server.Application - Application started: io.ktor.server.application.Application@31ee96f4
2025-07-15 11:08:17.299 [DefaultDispatcher-worker-1] INFO  io.ktor.server.Application - Responding at http://0.0.0.0:8080
2025-07-15 11:09:16.725 [KtorShutdownHook] INFO  io.ktor.server.Application - Application stopping: io.ktor.server.application.Application@31ee96f4
2025-07-15 11:09:16.726 [KtorShutdownHook] INFO  io.ktor.server.Application - Application stopped: io.ktor.server.application.Application@31ee96f4
2025-07-15 11:09:18.644 [main] INFO  it.unibo.harmonikt.robot-manager - Starting Robot Manager service...
2025-07-15 11:09:18.801 [main] INFO  io.ktor.server.Application - Autoreload is disabled because the development mode is off.
2025-07-15 11:09:18.976 [main] INFO  i.unibo.harmonikt.utils.ConsulPlugin - Installing ConsulPlugin with Consul URL: http://localhost:8500
2025-07-15 11:09:19.013 [main] INFO  io.ktor.server.Application - Application started in 0.335 seconds.
2025-07-15 11:09:19.013 [main] INFO  io.ktor.server.Application - Application started: io.ktor.server.application.Application@5754de72
2025-07-15 11:09:19.112 [DefaultDispatcher-worker-1] INFO  io.ktor.server.Application - Responding at http://0.0.0.0:8080
2025-07-15 11:09:43.878 [eventLoopGroupProxy-4-1] ERROR io.ktor.server.Application - Unhandled: GET - /
com.orbitz.consul.ConsulException: Error connecting to Consul
	at com.orbitz.consul.AgentClient.ping(AgentClient.java:69)
	at com.orbitz.consul.Consul$Builder.build(Consul.java:731)
	at it.unibo.harmonikt.utils.ConsulPlugin$Plugin$install$1.invokeSuspend(ConsulPlugin.kt:77)
	at it.unibo.harmonikt.utils.ConsulPlugin$Plugin$install$1.invoke(ConsulPlugin.kt)
	at it.unibo.harmonikt.utils.ConsulPlugin$Plugin$install$1.invoke(ConsulPlugin.kt)
	at io.ktor.util.pipeline.DebugPipelineContext.proceedLoop(DebugPipelineContext.kt:79)
	at io.ktor.util.pipeline.DebugPipelineContext.proceed(DebugPipelineContext.kt:57)
	at io.ktor.client.plugins.RequestError$install$1.invokeSuspend(HttpCallValidator.kt:134)
	at io.ktor.client.plugins.RequestError$install$1.invoke(HttpCallValidator.kt)
	at io.ktor.client.plugins.RequestError$install$1.invoke(HttpCallValidator.kt)
	at io.ktor.util.pipeline.DebugPipelineContext.proceedLoop(DebugPipelineContext.kt:79)
	at io.ktor.util.pipeline.DebugPipelineContext.proceed(DebugPipelineContext.kt:57)
	at io.ktor.client.plugins.SetupRequestContext$install$1.invokeSuspend$proceed(HttpRequestLifecycle.kt:40)
	at io.ktor.client.plugins.SetupRequestContext$install$1.access$invokeSuspend$proceed(HttpRequestLifecycle.kt)
	at io.ktor.client.plugins.SetupRequestContext$install$1$1.invoke(HttpRequestLifecycle.kt:40)
	at io.ktor.client.plugins.SetupRequestContext$install$1$1.invoke(HttpRequestLifecycle.kt:40)
	at io.ktor.client.plugins.HttpRequestLifecycleKt$HttpRequestLifecycle$1$1.invokeSuspend(HttpRequestLifecycle.kt:27)
	at io.ktor.client.plugins.HttpRequestLifecycleKt$HttpRequestLifecycle$1$1.invoke(HttpRequestLifecycle.kt)
	at io.ktor.client.plugins.HttpRequestLifecycleKt$HttpRequestLifecycle$1$1.invoke(HttpRequestLifecycle.kt)
	at io.ktor.client.plugins.SetupRequestContext$install$1.invokeSuspend(HttpRequestLifecycle.kt:40)
	at io.ktor.client.plugins.SetupRequestContext$install$1.invoke(HttpRequestLifecycle.kt)
	at io.ktor.client.plugins.SetupRequestContext$install$1.invoke(HttpRequestLifecycle.kt)
	at io.ktor.util.pipeline.DebugPipelineContext.proceedLoop(DebugPipelineContext.kt:79)
	at io.ktor.util.pipeline.DebugPipelineContext.proceed(DebugPipelineContext.kt:57)
	at io.ktor.util.pipeline.DebugPipelineContext.execute$ktor_utils(DebugPipelineContext.kt:63)
	at io.ktor.util.pipeline.Pipeline.execute(Pipeline.kt:79)
	at io.ktor.client.HttpClient.execute$ktor_client_core(HttpClient.kt:1393)
	at io.ktor.client.statement.HttpStatement.fetchResponse(HttpStatement.kt:147)
	at io.ktor.client.statement.HttpStatement.execute(HttpStatement.kt:68)
	at it.unibo.harmonikt.MainKt$module$3$1.invokeSuspend(Main.kt:94)
	at it.unibo.harmonikt.MainKt$module$3$1.invoke(Main.kt)
	at it.unibo.harmonikt.MainKt$module$3$1.invoke(Main.kt)
	at io.ktor.server.routing.RoutingNode$buildPipeline$1$1.invokeSuspend(RoutingNode.kt:116)
	at io.ktor.server.routing.RoutingNode$buildPipeline$1$1.invoke(RoutingNode.kt)
	at io.ktor.server.routing.RoutingNode$buildPipeline$1$1.invoke(RoutingNode.kt)
	at io.ktor.util.pipeline.PipelineJvmKt.pipelineStartCoroutineUninterceptedOrReturn(PipelineJvm.kt:15)
	at io.ktor.util.pipeline.SuspendFunctionGun.loop(SuspendFunctionGun.kt:131)
	at io.ktor.util.pipeline.SuspendFunctionGun.proceed(SuspendFunctionGun.kt:89)
	at io.ktor.util.pipeline.SuspendFunctionGun.execute$ktor_utils(SuspendFunctionGun.kt:109)
	at io.ktor.util.pipeline.Pipeline.execute(Pipeline.kt:79)
	at io.ktor.server.routing.RoutingRoot$executeResult$$inlined$execute$1.invokeSuspend(Pipeline.kt:481)
	at io.ktor.server.routing.RoutingRoot$executeResult$$inlined$execute$1.invoke(Pipeline.kt)
	at io.ktor.server.routing.RoutingRoot$executeResult$$inlined$execute$1.invoke(Pipeline.kt)
	at io.ktor.util.debug.ContextUtilsKt.initContextInDebugMode(ContextUtils.kt:17)
	at io.ktor.server.routing.RoutingRoot.executeResult(RoutingRoot.kt:193)
	at io.ktor.server.routing.RoutingRoot.interceptor(RoutingRoot.kt:66)
	at io.ktor.server.routing.RoutingRoot$Plugin$install$1.invokeSuspend(RoutingRoot.kt:143)
	at io.ktor.server.routing.RoutingRoot$Plugin$install$1.invoke(RoutingRoot.kt)
	at io.ktor.server.routing.RoutingRoot$Plugin$install$1.invoke(RoutingRoot.kt)
	at io.ktor.util.pipeline.PipelineJvmKt.pipelineStartCoroutineUninterceptedOrReturn(PipelineJvm.kt:15)
	at io.ktor.util.pipeline.SuspendFunctionGun.loop(SuspendFunctionGun.kt:131)
	at io.ktor.util.pipeline.SuspendFunctionGun.proceed(SuspendFunctionGun.kt:89)
	at io.ktor.server.engine.BaseApplicationEngineKt$installDefaultTransformationChecker$1.invokeSuspend(BaseApplicationEngine.kt:112)
	at io.ktor.server.engine.BaseApplicationEngineKt$installDefaultTransformationChecker$1.invoke(BaseApplicationEngine.kt)
	at io.ktor.server.engine.BaseApplicationEngineKt$installDefaultTransformationChecker$1.invoke(BaseApplicationEngine.kt)
	at io.ktor.util.pipeline.PipelineJvmKt.pipelineStartCoroutineUninterceptedOrReturn(PipelineJvm.kt:15)
	at io.ktor.util.pipeline.SuspendFunctionGun.loop(SuspendFunctionGun.kt:131)
	at io.ktor.util.pipeline.SuspendFunctionGun.proceed(SuspendFunctionGun.kt:89)
	at io.ktor.util.pipeline.SuspendFunctionGun.execute$ktor_utils(SuspendFunctionGun.kt:109)
	at io.ktor.util.pipeline.Pipeline.execute(Pipeline.kt:79)
	at io.ktor.server.engine.DefaultEnginePipelineKt$defaultEnginePipeline$1$invokeSuspend$$inlined$execute$1.invokeSuspend(Pipeline.kt:481)
	at io.ktor.server.engine.DefaultEnginePipelineKt$defaultEnginePipeline$1$invokeSuspend$$inlined$execute$1.invoke(Pipeline.kt)
	at io.ktor.server.engine.DefaultEnginePipelineKt$defaultEnginePipeline$1$invokeSuspend$$inlined$execute$1.invoke(Pipeline.kt)
	at io.ktor.util.debug.ContextUtilsKt.initContextInDebugMode(ContextUtils.kt:17)
	at io.ktor.server.engine.DefaultEnginePipelineKt$defaultEnginePipeline$1.invokeSuspend(DefaultEnginePipeline.kt:123)
	at io.ktor.server.engine.DefaultEnginePipelineKt$defaultEnginePipeline$1.invoke(DefaultEnginePipeline.kt)
	at io.ktor.server.engine.DefaultEnginePipelineKt$defaultEnginePipeline$1.invoke(DefaultEnginePipeline.kt)
	at io.ktor.util.pipeline.PipelineJvmKt.pipelineStartCoroutineUninterceptedOrReturn(PipelineJvm.kt:15)
	at io.ktor.util.pipeline.SuspendFunctionGun.loop(SuspendFunctionGun.kt:131)
	at io.ktor.util.pipeline.SuspendFunctionGun.proceed(SuspendFunctionGun.kt:89)
	at io.ktor.util.pipeline.SuspendFunctionGun.execute$ktor_utils(SuspendFunctionGun.kt:109)
	at io.ktor.util.pipeline.Pipeline.execute(Pipeline.kt:79)
	at io.ktor.server.netty.NettyApplicationCallHandler$handleRequest$1$invokeSuspend$$inlined$execute$1.invokeSuspend(Pipeline.kt:481)
	at io.ktor.server.netty.NettyApplicationCallHandler$handleRequest$1$invokeSuspend$$inlined$execute$1.invoke(Pipeline.kt)
	at io.ktor.server.netty.NettyApplicationCallHandler$handleRequest$1$invokeSuspend$$inlined$execute$1.invoke(Pipeline.kt)
	at io.ktor.util.debug.ContextUtilsKt.initContextInDebugMode(ContextUtils.kt:17)
	at io.ktor.server.netty.NettyApplicationCallHandler$handleRequest$1.invokeSuspend(NettyApplicationCallHandler.kt:140)
	at io.ktor.server.netty.NettyApplicationCallHandler$handleRequest$1.invoke(NettyApplicationCallHandler.kt)
	at io.ktor.server.netty.NettyApplicationCallHandler$handleRequest$1.invoke(NettyApplicationCallHandler.kt)
	at kotlinx.coroutines.intrinsics.UndispatchedKt.startCoroutineUndispatched(Undispatched.kt:20)
	at kotlinx.coroutines.CoroutineStart.invoke(CoroutineStart.kt:360)
	at kotlinx.coroutines.AbstractCoroutine.start(AbstractCoroutine.kt:124)
	at kotlinx.coroutines.BuildersKt__Builders_commonKt.launch(Builders.common.kt:52)
	at kotlinx.coroutines.BuildersKt.launch(Unknown Source)
	at io.ktor.server.netty.NettyApplicationCallHandler.handleRequest(NettyApplicationCallHandler.kt:41)
	at io.ktor.server.netty.NettyApplicationCallHandler.channelRead(NettyApplicationCallHandler.kt:33)
	at io.netty.channel.AbstractChannelHandlerContext.invokeChannelRead(AbstractChannelHandlerContext.java:444)
	at io.netty.channel.AbstractChannelHandlerContext.access$600(AbstractChannelHandlerContext.java:61)
	at io.netty.channel.AbstractChannelHandlerContext$7.run(AbstractChannelHandlerContext.java:425)
	at io.netty.util.concurrent.AbstractEventExecutor.runTask(AbstractEventExecutor.java:173)
	at io.netty.util.concurrent.AbstractEventExecutor.safeExecute(AbstractEventExecutor.java:166)
	at io.netty.util.concurrent.SingleThreadEventExecutor.runAllTasks(SingleThreadEventExecutor.java:472)
	at io.netty.channel.nio.NioEventLoop.run(NioEventLoop.java:569)
	at io.netty.util.concurrent.SingleThreadEventExecutor$4.run(SingleThreadEventExecutor.java:997)
	at io.netty.util.internal.ThreadExecutorMap$2.run(ThreadExecutorMap.java:74)
	at io.netty.util.concurrent.FastThreadLocalRunnable.run(FastThreadLocalRunnable.java:30)
	at java.base/java.lang.Thread.run(Thread.java:1575)
Caused by: java.net.ConnectException: Failed to connect to localhost/[0:0:0:0:0:0:0:1]:8500
	at okhttp3.internal.connection.RealConnection.connectSocket(RealConnection.java:249)
	at okhttp3.internal.connection.RealConnection.connect(RealConnection.java:167)
	at okhttp3.internal.connection.StreamAllocation.findConnection(StreamAllocation.java:257)
	at okhttp3.internal.connection.StreamAllocation.findHealthyConnection(StreamAllocation.java:135)
	at okhttp3.internal.connection.StreamAllocation.newStream(StreamAllocation.java:114)
	at okhttp3.internal.connection.ConnectInterceptor.intercept(ConnectInterceptor.java:42)
	at okhttp3.internal.http.RealInterceptorChain.proceed(RealInterceptorChain.java:147)
	at okhttp3.internal.http.RealInterceptorChain.proceed(RealInterceptorChain.java:121)
	at okhttp3.internal.cache.CacheInterceptor.intercept(CacheInterceptor.java:93)
	at okhttp3.internal.http.RealInterceptorChain.proceed(RealInterceptorChain.java:147)
	at okhttp3.internal.http.RealInterceptorChain.proceed(RealInterceptorChain.java:121)
	at okhttp3.internal.http.BridgeInterceptor.intercept(BridgeInterceptor.java:93)
	at okhttp3.internal.http.RealInterceptorChain.proceed(RealInterceptorChain.java:147)
	at okhttp3.internal.http.RetryAndFollowUpInterceptor.intercept(RetryAndFollowUpInterceptor.java:126)
	at okhttp3.internal.http.RealInterceptorChain.proceed(RealInterceptorChain.java:147)
	at okhttp3.internal.http.RealInterceptorChain.proceed(RealInterceptorChain.java:121)
	at com.orbitz.consul.cache.TimeoutInterceptor.intercept(TimeoutInterceptor.java:53)
	at okhttp3.internal.http.RealInterceptorChain.proceed(RealInterceptorChain.java:147)
	at okhttp3.internal.http.RealInterceptorChain.proceed(RealInterceptorChain.java:121)
	at okhttp3.RealCall.getResponseWithInterceptorChain(RealCall.java:250)
	at okhttp3.RealCall.execute(RealCall.java:93)
	at retrofit2.OkHttpCall.execute(OkHttpCall.java:186)
	at com.orbitz.consul.AgentClient.ping(AgentClient.java:62)
	... 96 common frames omitted
Caused by: java.net.ConnectException: Connection refused
	at java.base/sun.nio.ch.Net.pollConnect(Native Method)
	at java.base/sun.nio.ch.Net.pollConnectNow(Net.java:682)
	at java.base/sun.nio.ch.NioSocketImpl.timedFinishConnect(NioSocketImpl.java:542)
	at java.base/sun.nio.ch.NioSocketImpl.connect(NioSocketImpl.java:592)
	at java.base/java.net.SocksSocketImpl.connect(SocksSocketImpl.java:327)
	at java.base/java.net.Socket.connect(Socket.java:760)
	at okhttp3.internal.platform.Platform.connectSocket(Platform.java:129)
	at okhttp3.internal.connection.RealConnection.connectSocket(RealConnection.java:247)
	... 118 common frames omitted
2025-07-15 11:09:43.888 [eventLoopGroupProxy-4-1] INFO  io.ktor.server.Application - [31m500 Internal Server Error[m: [36mGET[m - / in 172ms
2025-07-15 11:10:05.146 [KtorShutdownHook] INFO  io.ktor.server.Application - Application stopping: io.ktor.server.application.Application@5754de72
2025-07-15 11:10:05.147 [KtorShutdownHook] INFO  io.ktor.server.Application - Application stopped: io.ktor.server.application.Application@5754de72
2025-07-15 11:10:06.777 [main] INFO  it.unibo.harmonikt.robot-manager - Starting Robot Manager service...
2025-07-15 11:10:06.930 [main] INFO  io.ktor.server.Application - Autoreload is disabled because the development mode is off.
2025-07-15 11:10:07.115 [main] INFO  i.unibo.harmonikt.utils.ConsulPlugin - Installing ConsulPlugin with Consul URL: http://localhost:8500
2025-07-15 11:10:07.154 [main] INFO  io.ktor.server.Application - Application started in 0.343 seconds.
2025-07-15 11:10:07.154 [main] INFO  io.ktor.server.Application - Application started: io.ktor.server.application.Application@5754de72
2025-07-15 11:10:07.248 [DefaultDispatcher-worker-1] INFO  io.ktor.server.Application - Responding at http://0.0.0.0:8080
2025-07-15 11:10:11.513 [eventLoopGroupProxy-4-1] ERROR io.ktor.server.Application - Unhandled: GET - /
com.orbitz.consul.ConsulException: Error connecting to Consul
	at com.orbitz.consul.AgentClient.ping(AgentClient.java:69)
	at com.orbitz.consul.Consul$Builder.build(Consul.java:731)
	at it.unibo.harmonikt.utils.ConsulPlugin$Plugin$install$1.invokeSuspend(ConsulPlugin.kt:77)
	at it.unibo.harmonikt.utils.ConsulPlugin$Plugin$install$1.invoke(ConsulPlugin.kt)
	at it.unibo.harmonikt.utils.ConsulPlugin$Plugin$install$1.invoke(ConsulPlugin.kt)
	at io.ktor.util.pipeline.DebugPipelineContext.proceedLoop(DebugPipelineContext.kt:79)
	at io.ktor.util.pipeline.DebugPipelineContext.proceed(DebugPipelineContext.kt:57)
	at io.ktor.client.plugins.RequestError$install$1.invokeSuspend(HttpCallValidator.kt:134)
	at io.ktor.client.plugins.RequestError$install$1.invoke(HttpCallValidator.kt)
	at io.ktor.client.plugins.RequestError$install$1.invoke(HttpCallValidator.kt)
	at io.ktor.util.pipeline.DebugPipelineContext.proceedLoop(DebugPipelineContext.kt:79)
	at io.ktor.util.pipeline.DebugPipelineContext.proceed(DebugPipelineContext.kt:57)
	at io.ktor.client.plugins.SetupRequestContext$install$1.invokeSuspend$proceed(HttpRequestLifecycle.kt:40)
	at io.ktor.client.plugins.SetupRequestContext$install$1.access$invokeSuspend$proceed(HttpRequestLifecycle.kt)
	at io.ktor.client.plugins.SetupRequestContext$install$1$1.invoke(HttpRequestLifecycle.kt:40)
	at io.ktor.client.plugins.SetupRequestContext$install$1$1.invoke(HttpRequestLifecycle.kt:40)
	at io.ktor.client.plugins.HttpRequestLifecycleKt$HttpRequestLifecycle$1$1.invokeSuspend(HttpRequestLifecycle.kt:27)
	at io.ktor.client.plugins.HttpRequestLifecycleKt$HttpRequestLifecycle$1$1.invoke(HttpRequestLifecycle.kt)
	at io.ktor.client.plugins.HttpRequestLifecycleKt$HttpRequestLifecycle$1$1.invoke(HttpRequestLifecycle.kt)
	at io.ktor.client.plugins.SetupRequestContext$install$1.invokeSuspend(HttpRequestLifecycle.kt:40)
	at io.ktor.client.plugins.SetupRequestContext$install$1.invoke(HttpRequestLifecycle.kt)
	at io.ktor.client.plugins.SetupRequestContext$install$1.invoke(HttpRequestLifecycle.kt)
	at io.ktor.util.pipeline.DebugPipelineContext.proceedLoop(DebugPipelineContext.kt:79)
	at io.ktor.util.pipeline.DebugPipelineContext.proceed(DebugPipelineContext.kt:57)
	at io.ktor.util.pipeline.DebugPipelineContext.execute$ktor_utils(DebugPipelineContext.kt:63)
	at io.ktor.util.pipeline.Pipeline.execute(Pipeline.kt:79)
	at io.ktor.client.HttpClient.execute$ktor_client_core(HttpClient.kt:1393)
	at io.ktor.client.statement.HttpStatement.fetchResponse(HttpStatement.kt:147)
	at io.ktor.client.statement.HttpStatement.execute(HttpStatement.kt:68)
	at it.unibo.harmonikt.MainKt$module$3$1.invokeSuspend(Main.kt:94)
	at it.unibo.harmonikt.MainKt$module$3$1.invoke(Main.kt)
	at it.unibo.harmonikt.MainKt$module$3$1.invoke(Main.kt)
	at io.ktor.server.routing.RoutingNode$buildPipeline$1$1.invokeSuspend(RoutingNode.kt:116)
	at io.ktor.server.routing.RoutingNode$buildPipeline$1$1.invoke(RoutingNode.kt)
	at io.ktor.server.routing.RoutingNode$buildPipeline$1$1.invoke(RoutingNode.kt)
	at io.ktor.util.pipeline.PipelineJvmKt.pipelineStartCoroutineUninterceptedOrReturn(PipelineJvm.kt:15)
	at io.ktor.util.pipeline.SuspendFunctionGun.loop(SuspendFunctionGun.kt:131)
	at io.ktor.util.pipeline.SuspendFunctionGun.proceed(SuspendFunctionGun.kt:89)
	at io.ktor.util.pipeline.SuspendFunctionGun.execute$ktor_utils(SuspendFunctionGun.kt:109)
	at io.ktor.util.pipeline.Pipeline.execute(Pipeline.kt:79)
	at io.ktor.server.routing.RoutingRoot$executeResult$$inlined$execute$1.invokeSuspend(Pipeline.kt:481)
	at io.ktor.server.routing.RoutingRoot$executeResult$$inlined$execute$1.invoke(Pipeline.kt)
	at io.ktor.server.routing.RoutingRoot$executeResult$$inlined$execute$1.invoke(Pipeline.kt)
	at io.ktor.util.debug.ContextUtilsKt.initContextInDebugMode(ContextUtils.kt:17)
	at io.ktor.server.routing.RoutingRoot.executeResult(RoutingRoot.kt:193)
	at io.ktor.server.routing.RoutingRoot.interceptor(RoutingRoot.kt:66)
	at io.ktor.server.routing.RoutingRoot$Plugin$install$1.invokeSuspend(RoutingRoot.kt:143)
	at io.ktor.server.routing.RoutingRoot$Plugin$install$1.invoke(RoutingRoot.kt)
	at io.ktor.server.routing.RoutingRoot$Plugin$install$1.invoke(RoutingRoot.kt)
	at io.ktor.util.pipeline.PipelineJvmKt.pipelineStartCoroutineUninterceptedOrReturn(PipelineJvm.kt:15)
	at io.ktor.util.pipeline.SuspendFunctionGun.loop(SuspendFunctionGun.kt:131)
	at io.ktor.util.pipeline.SuspendFunctionGun.proceed(SuspendFunctionGun.kt:89)
	at io.ktor.server.engine.BaseApplicationEngineKt$installDefaultTransformationChecker$1.invokeSuspend(BaseApplicationEngine.kt:112)
	at io.ktor.server.engine.BaseApplicationEngineKt$installDefaultTransformationChecker$1.invoke(BaseApplicationEngine.kt)
	at io.ktor.server.engine.BaseApplicationEngineKt$installDefaultTransformationChecker$1.invoke(BaseApplicationEngine.kt)
	at io.ktor.util.pipeline.PipelineJvmKt.pipelineStartCoroutineUninterceptedOrReturn(PipelineJvm.kt:15)
	at io.ktor.util.pipeline.SuspendFunctionGun.loop(SuspendFunctionGun.kt:131)
	at io.ktor.util.pipeline.SuspendFunctionGun.proceed(SuspendFunctionGun.kt:89)
	at io.ktor.util.pipeline.SuspendFunctionGun.execute$ktor_utils(SuspendFunctionGun.kt:109)
	at io.ktor.util.pipeline.Pipeline.execute(Pipeline.kt:79)
	at io.ktor.server.engine.DefaultEnginePipelineKt$defaultEnginePipeline$1$invokeSuspend$$inlined$execute$1.invokeSuspend(Pipeline.kt:481)
	at io.ktor.server.engine.DefaultEnginePipelineKt$defaultEnginePipeline$1$invokeSuspend$$inlined$execute$1.invoke(Pipeline.kt)
	at io.ktor.server.engine.DefaultEnginePipelineKt$defaultEnginePipeline$1$invokeSuspend$$inlined$execute$1.invoke(Pipeline.kt)
	at io.ktor.util.debug.ContextUtilsKt.initContextInDebugMode(ContextUtils.kt:17)
	at io.ktor.server.engine.DefaultEnginePipelineKt$defaultEnginePipeline$1.invokeSuspend(DefaultEnginePipeline.kt:123)
	at io.ktor.server.engine.DefaultEnginePipelineKt$defaultEnginePipeline$1.invoke(DefaultEnginePipeline.kt)
	at io.ktor.server.engine.DefaultEnginePipelineKt$defaultEnginePipeline$1.invoke(DefaultEnginePipeline.kt)
	at io.ktor.util.pipeline.PipelineJvmKt.pipelineStartCoroutineUninterceptedOrReturn(PipelineJvm.kt:15)
	at io.ktor.util.pipeline.SuspendFunctionGun.loop(SuspendFunctionGun.kt:131)
	at io.ktor.util.pipeline.SuspendFunctionGun.proceed(SuspendFunctionGun.kt:89)
	at io.ktor.util.pipeline.SuspendFunctionGun.execute$ktor_utils(SuspendFunctionGun.kt:109)
	at io.ktor.util.pipeline.Pipeline.execute(Pipeline.kt:79)
	at io.ktor.server.netty.NettyApplicationCallHandler$handleRequest$1$invokeSuspend$$inlined$execute$1.invokeSuspend(Pipeline.kt:481)
	at io.ktor.server.netty.NettyApplicationCallHandler$handleRequest$1$invokeSuspend$$inlined$execute$1.invoke(Pipeline.kt)
	at io.ktor.server.netty.NettyApplicationCallHandler$handleRequest$1$invokeSuspend$$inlined$execute$1.invoke(Pipeline.kt)
	at io.ktor.util.debug.ContextUtilsKt.initContextInDebugMode(ContextUtils.kt:17)
	at io.ktor.server.netty.NettyApplicationCallHandler$handleRequest$1.invokeSuspend(NettyApplicationCallHandler.kt:140)
	at io.ktor.server.netty.NettyApplicationCallHandler$handleRequest$1.invoke(NettyApplicationCallHandler.kt)
	at io.ktor.server.netty.NettyApplicationCallHandler$handleRequest$1.invoke(NettyApplicationCallHandler.kt)
	at kotlinx.coroutines.intrinsics.UndispatchedKt.startCoroutineUndispatched(Undispatched.kt:20)
	at kotlinx.coroutines.CoroutineStart.invoke(CoroutineStart.kt:360)
	at kotlinx.coroutines.AbstractCoroutine.start(AbstractCoroutine.kt:124)
	at kotlinx.coroutines.BuildersKt__Builders_commonKt.launch(Builders.common.kt:52)
	at kotlinx.coroutines.BuildersKt.launch(Unknown Source)
	at io.ktor.server.netty.NettyApplicationCallHandler.handleRequest(NettyApplicationCallHandler.kt:41)
	at io.ktor.server.netty.NettyApplicationCallHandler.channelRead(NettyApplicationCallHandler.kt:33)
	at io.netty.channel.AbstractChannelHandlerContext.invokeChannelRead(AbstractChannelHandlerContext.java:444)
	at io.netty.channel.AbstractChannelHandlerContext.access$600(AbstractChannelHandlerContext.java:61)
	at io.netty.channel.AbstractChannelHandlerContext$7.run(AbstractChannelHandlerContext.java:425)
	at io.netty.util.concurrent.AbstractEventExecutor.runTask(AbstractEventExecutor.java:173)
	at io.netty.util.concurrent.AbstractEventExecutor.safeExecute(AbstractEventExecutor.java:166)
	at io.netty.util.concurrent.SingleThreadEventExecutor.runAllTasks(SingleThreadEventExecutor.java:472)
	at io.netty.channel.nio.NioEventLoop.run(NioEventLoop.java:569)
	at io.netty.util.concurrent.SingleThreadEventExecutor$4.run(SingleThreadEventExecutor.java:997)
	at io.netty.util.internal.ThreadExecutorMap$2.run(ThreadExecutorMap.java:74)
	at io.netty.util.concurrent.FastThreadLocalRunnable.run(FastThreadLocalRunnable.java:30)
	at java.base/java.lang.Thread.run(Thread.java:1575)
Caused by: java.net.ConnectException: Failed to connect to localhost/[0:0:0:0:0:0:0:1]:8500
	at okhttp3.internal.connection.RealConnection.connectSocket(RealConnection.java:249)
	at okhttp3.internal.connection.RealConnection.connect(RealConnection.java:167)
	at okhttp3.internal.connection.StreamAllocation.findConnection(StreamAllocation.java:257)
	at okhttp3.internal.connection.StreamAllocation.findHealthyConnection(StreamAllocation.java:135)
	at okhttp3.internal.connection.StreamAllocation.newStream(StreamAllocation.java:114)
	at okhttp3.internal.connection.ConnectInterceptor.intercept(ConnectInterceptor.java:42)
	at okhttp3.internal.http.RealInterceptorChain.proceed(RealInterceptorChain.java:147)
	at okhttp3.internal.http.RealInterceptorChain.proceed(RealInterceptorChain.java:121)
	at okhttp3.internal.cache.CacheInterceptor.intercept(CacheInterceptor.java:93)
	at okhttp3.internal.http.RealInterceptorChain.proceed(RealInterceptorChain.java:147)
	at okhttp3.internal.http.RealInterceptorChain.proceed(RealInterceptorChain.java:121)
	at okhttp3.internal.http.BridgeInterceptor.intercept(BridgeInterceptor.java:93)
	at okhttp3.internal.http.RealInterceptorChain.proceed(RealInterceptorChain.java:147)
	at okhttp3.internal.http.RetryAndFollowUpInterceptor.intercept(RetryAndFollowUpInterceptor.java:126)
	at okhttp3.internal.http.RealInterceptorChain.proceed(RealInterceptorChain.java:147)
	at okhttp3.internal.http.RealInterceptorChain.proceed(RealInterceptorChain.java:121)
	at com.orbitz.consul.cache.TimeoutInterceptor.intercept(TimeoutInterceptor.java:53)
	at okhttp3.internal.http.RealInterceptorChain.proceed(RealInterceptorChain.java:147)
	at okhttp3.internal.http.RealInterceptorChain.proceed(RealInterceptorChain.java:121)
	at okhttp3.RealCall.getResponseWithInterceptorChain(RealCall.java:250)
	at okhttp3.RealCall.execute(RealCall.java:93)
	at retrofit2.OkHttpCall.execute(OkHttpCall.java:186)
	at com.orbitz.consul.AgentClient.ping(AgentClient.java:62)
	... 96 common frames omitted
Caused by: java.net.ConnectException: Connection refused
	at java.base/sun.nio.ch.Net.pollConnect(Native Method)
	at java.base/sun.nio.ch.Net.pollConnectNow(Net.java:682)
	at java.base/sun.nio.ch.NioSocketImpl.timedFinishConnect(NioSocketImpl.java:542)
	at java.base/sun.nio.ch.NioSocketImpl.connect(NioSocketImpl.java:592)
	at java.base/java.net.SocksSocketImpl.connect(SocksSocketImpl.java:327)
	at java.base/java.net.Socket.connect(Socket.java:760)
	at okhttp3.internal.platform.Platform.connectSocket(Platform.java:129)
	at okhttp3.internal.connection.RealConnection.connectSocket(RealConnection.java:247)
	... 118 common frames omitted
2025-07-15 11:10:11.524 [eventLoopGroupProxy-4-1] INFO  io.ktor.server.Application - [31m500 Internal Server Error[m: [36mGET[m - / in 168ms
2025-07-15 11:10:33.419 [KtorShutdownHook] INFO  io.ktor.server.Application - Application stopping: io.ktor.server.application.Application@5754de72
2025-07-15 11:10:33.421 [KtorShutdownHook] INFO  io.ktor.server.Application - Application stopped: io.ktor.server.application.Application@5754de72
2025-07-15 11:10:35.090 [main] INFO  it.unibo.harmonikt.robot-manager - Starting Robot Manager service...
2025-07-15 11:10:35.249 [main] INFO  io.ktor.server.Application - Autoreload is disabled because the development mode is off.
2025-07-15 11:10:35.442 [main] INFO  i.unibo.harmonikt.utils.ConsulPlugin - Installing ConsulPlugin with Consul URL: http://localhost:8500
2025-07-15 11:10:35.481 [main] INFO  io.ktor.server.Application - Application started in 0.356 seconds.
2025-07-15 11:10:35.481 [main] INFO  io.ktor.server.Application - Application started: io.ktor.server.application.Application@51e0301d
2025-07-15 11:10:35.588 [DefaultDispatcher-worker-2] INFO  io.ktor.server.Application - Responding at http://0.0.0.0:8080
2025-07-15 11:10:37.964 [eventLoopGroupProxy-4-1] ERROR io.ktor.server.Application - Unhandled: GET - /
com.orbitz.consul.ConsulException: Error connecting to Consul
	at com.orbitz.consul.AgentClient.ping(AgentClient.java:69)
	at com.orbitz.consul.Consul$Builder.build(Consul.java:731)
	at it.unibo.harmonikt.utils.ConsulPlugin$Plugin$install$1.invokeSuspend(ConsulPlugin.kt:77)
	at it.unibo.harmonikt.utils.ConsulPlugin$Plugin$install$1.invoke(ConsulPlugin.kt)
	at it.unibo.harmonikt.utils.ConsulPlugin$Plugin$install$1.invoke(ConsulPlugin.kt)
	at io.ktor.util.pipeline.DebugPipelineContext.proceedLoop(DebugPipelineContext.kt:79)
	at io.ktor.util.pipeline.DebugPipelineContext.proceed(DebugPipelineContext.kt:57)
	at io.ktor.client.plugins.RequestError$install$1.invokeSuspend(HttpCallValidator.kt:134)
	at io.ktor.client.plugins.RequestError$install$1.invoke(HttpCallValidator.kt)
	at io.ktor.client.plugins.RequestError$install$1.invoke(HttpCallValidator.kt)
	at io.ktor.util.pipeline.DebugPipelineContext.proceedLoop(DebugPipelineContext.kt:79)
	at io.ktor.util.pipeline.DebugPipelineContext.proceed(DebugPipelineContext.kt:57)
	at io.ktor.client.plugins.SetupRequestContext$install$1.invokeSuspend$proceed(HttpRequestLifecycle.kt:40)
	at io.ktor.client.plugins.SetupRequestContext$install$1.access$invokeSuspend$proceed(HttpRequestLifecycle.kt)
	at io.ktor.client.plugins.SetupRequestContext$install$1$1.invoke(HttpRequestLifecycle.kt:40)
	at io.ktor.client.plugins.SetupRequestContext$install$1$1.invoke(HttpRequestLifecycle.kt:40)
	at io.ktor.client.plugins.HttpRequestLifecycleKt$HttpRequestLifecycle$1$1.invokeSuspend(HttpRequestLifecycle.kt:27)
	at io.ktor.client.plugins.HttpRequestLifecycleKt$HttpRequestLifecycle$1$1.invoke(HttpRequestLifecycle.kt)
	at io.ktor.client.plugins.HttpRequestLifecycleKt$HttpRequestLifecycle$1$1.invoke(HttpRequestLifecycle.kt)
	at io.ktor.client.plugins.SetupRequestContext$install$1.invokeSuspend(HttpRequestLifecycle.kt:40)
	at io.ktor.client.plugins.SetupRequestContext$install$1.invoke(HttpRequestLifecycle.kt)
	at io.ktor.client.plugins.SetupRequestContext$install$1.invoke(HttpRequestLifecycle.kt)
	at io.ktor.util.pipeline.DebugPipelineContext.proceedLoop(DebugPipelineContext.kt:79)
	at io.ktor.util.pipeline.DebugPipelineContext.proceed(DebugPipelineContext.kt:57)
	at io.ktor.util.pipeline.DebugPipelineContext.execute$ktor_utils(DebugPipelineContext.kt:63)
	at io.ktor.util.pipeline.Pipeline.execute(Pipeline.kt:79)
	at io.ktor.client.HttpClient.execute$ktor_client_core(HttpClient.kt:1393)
	at io.ktor.client.statement.HttpStatement.fetchResponse(HttpStatement.kt:147)
	at io.ktor.client.statement.HttpStatement.execute(HttpStatement.kt:68)
	at it.unibo.harmonikt.MainKt$module$3$1.invokeSuspend(Main.kt:94)
	at it.unibo.harmonikt.MainKt$module$3$1.invoke(Main.kt)
	at it.unibo.harmonikt.MainKt$module$3$1.invoke(Main.kt)
	at io.ktor.server.routing.RoutingNode$buildPipeline$1$1.invokeSuspend(RoutingNode.kt:116)
	at io.ktor.server.routing.RoutingNode$buildPipeline$1$1.invoke(RoutingNode.kt)
	at io.ktor.server.routing.RoutingNode$buildPipeline$1$1.invoke(RoutingNode.kt)
	at io.ktor.util.pipeline.PipelineJvmKt.pipelineStartCoroutineUninterceptedOrReturn(PipelineJvm.kt:15)
	at io.ktor.util.pipeline.SuspendFunctionGun.loop(SuspendFunctionGun.kt:131)
	at io.ktor.util.pipeline.SuspendFunctionGun.proceed(SuspendFunctionGun.kt:89)
	at io.ktor.util.pipeline.SuspendFunctionGun.execute$ktor_utils(SuspendFunctionGun.kt:109)
	at io.ktor.util.pipeline.Pipeline.execute(Pipeline.kt:79)
	at io.ktor.server.routing.RoutingRoot$executeResult$$inlined$execute$1.invokeSuspend(Pipeline.kt:481)
	at io.ktor.server.routing.RoutingRoot$executeResult$$inlined$execute$1.invoke(Pipeline.kt)
	at io.ktor.server.routing.RoutingRoot$executeResult$$inlined$execute$1.invoke(Pipeline.kt)
	at io.ktor.util.debug.ContextUtilsKt.initContextInDebugMode(ContextUtils.kt:17)
	at io.ktor.server.routing.RoutingRoot.executeResult(RoutingRoot.kt:193)
	at io.ktor.server.routing.RoutingRoot.interceptor(RoutingRoot.kt:66)
	at io.ktor.server.routing.RoutingRoot$Plugin$install$1.invokeSuspend(RoutingRoot.kt:143)
	at io.ktor.server.routing.RoutingRoot$Plugin$install$1.invoke(RoutingRoot.kt)
	at io.ktor.server.routing.RoutingRoot$Plugin$install$1.invoke(RoutingRoot.kt)
	at io.ktor.util.pipeline.PipelineJvmKt.pipelineStartCoroutineUninterceptedOrReturn(PipelineJvm.kt:15)
	at io.ktor.util.pipeline.SuspendFunctionGun.loop(SuspendFunctionGun.kt:131)
	at io.ktor.util.pipeline.SuspendFunctionGun.proceed(SuspendFunctionGun.kt:89)
	at io.ktor.server.engine.BaseApplicationEngineKt$installDefaultTransformationChecker$1.invokeSuspend(BaseApplicationEngine.kt:112)
	at io.ktor.server.engine.BaseApplicationEngineKt$installDefaultTransformationChecker$1.invoke(BaseApplicationEngine.kt)
	at io.ktor.server.engine.BaseApplicationEngineKt$installDefaultTransformationChecker$1.invoke(BaseApplicationEngine.kt)
	at io.ktor.util.pipeline.PipelineJvmKt.pipelineStartCoroutineUninterceptedOrReturn(PipelineJvm.kt:15)
	at io.ktor.util.pipeline.SuspendFunctionGun.loop(SuspendFunctionGun.kt:131)
	at io.ktor.util.pipeline.SuspendFunctionGun.proceed(SuspendFunctionGun.kt:89)
	at io.ktor.util.pipeline.SuspendFunctionGun.execute$ktor_utils(SuspendFunctionGun.kt:109)
	at io.ktor.util.pipeline.Pipeline.execute(Pipeline.kt:79)
	at io.ktor.server.engine.DefaultEnginePipelineKt$defaultEnginePipeline$1$invokeSuspend$$inlined$execute$1.invokeSuspend(Pipeline.kt:481)
	at io.ktor.server.engine.DefaultEnginePipelineKt$defaultEnginePipeline$1$invokeSuspend$$inlined$execute$1.invoke(Pipeline.kt)
	at io.ktor.server.engine.DefaultEnginePipelineKt$defaultEnginePipeline$1$invokeSuspend$$inlined$execute$1.invoke(Pipeline.kt)
	at io.ktor.util.debug.ContextUtilsKt.initContextInDebugMode(ContextUtils.kt:17)
	at io.ktor.server.engine.DefaultEnginePipelineKt$defaultEnginePipeline$1.invokeSuspend(DefaultEnginePipeline.kt:123)
	at io.ktor.server.engine.DefaultEnginePipelineKt$defaultEnginePipeline$1.invoke(DefaultEnginePipeline.kt)
	at io.ktor.server.engine.DefaultEnginePipelineKt$defaultEnginePipeline$1.invoke(DefaultEnginePipeline.kt)
	at io.ktor.util.pipeline.PipelineJvmKt.pipelineStartCoroutineUninterceptedOrReturn(PipelineJvm.kt:15)
	at io.ktor.util.pipeline.SuspendFunctionGun.loop(SuspendFunctionGun.kt:131)
	at io.ktor.util.pipeline.SuspendFunctionGun.proceed(SuspendFunctionGun.kt:89)
	at io.ktor.util.pipeline.SuspendFunctionGun.execute$ktor_utils(SuspendFunctionGun.kt:109)
	at io.ktor.util.pipeline.Pipeline.execute(Pipeline.kt:79)
	at io.ktor.server.netty.NettyApplicationCallHandler$handleRequest$1$invokeSuspend$$inlined$execute$1.invokeSuspend(Pipeline.kt:481)
	at io.ktor.server.netty.NettyApplicationCallHandler$handleRequest$1$invokeSuspend$$inlined$execute$1.invoke(Pipeline.kt)
	at io.ktor.server.netty.NettyApplicationCallHandler$handleRequest$1$invokeSuspend$$inlined$execute$1.invoke(Pipeline.kt)
	at io.ktor.util.debug.ContextUtilsKt.initContextInDebugMode(ContextUtils.kt:17)
	at io.ktor.server.netty.NettyApplicationCallHandler$handleRequest$1.invokeSuspend(NettyApplicationCallHandler.kt:140)
	at io.ktor.server.netty.NettyApplicationCallHandler$handleRequest$1.invoke(NettyApplicationCallHandler.kt)
	at io.ktor.server.netty.NettyApplicationCallHandler$handleRequest$1.invoke(NettyApplicationCallHandler.kt)
	at kotlinx.coroutines.intrinsics.UndispatchedKt.startCoroutineUndispatched(Undispatched.kt:20)
	at kotlinx.coroutines.CoroutineStart.invoke(CoroutineStart.kt:360)
	at kotlinx.coroutines.AbstractCoroutine.start(AbstractCoroutine.kt:124)
	at kotlinx.coroutines.BuildersKt__Builders_commonKt.launch(Builders.common.kt:52)
	at kotlinx.coroutines.BuildersKt.launch(Unknown Source)
	at io.ktor.server.netty.NettyApplicationCallHandler.handleRequest(NettyApplicationCallHandler.kt:41)
	at io.ktor.server.netty.NettyApplicationCallHandler.channelRead(NettyApplicationCallHandler.kt:33)
	at io.netty.channel.AbstractChannelHandlerContext.invokeChannelRead(AbstractChannelHandlerContext.java:444)
	at io.netty.channel.AbstractChannelHandlerContext.access$600(AbstractChannelHandlerContext.java:61)
	at io.netty.channel.AbstractChannelHandlerContext$7.run(AbstractChannelHandlerContext.java:425)
	at io.netty.util.concurrent.AbstractEventExecutor.runTask(AbstractEventExecutor.java:173)
	at io.netty.util.concurrent.AbstractEventExecutor.safeExecute(AbstractEventExecutor.java:166)
	at io.netty.util.concurrent.SingleThreadEventExecutor.runAllTasks(SingleThreadEventExecutor.java:472)
	at io.netty.channel.nio.NioEventLoop.run(NioEventLoop.java:569)
	at io.netty.util.concurrent.SingleThreadEventExecutor$4.run(SingleThreadEventExecutor.java:997)
	at io.netty.util.internal.ThreadExecutorMap$2.run(ThreadExecutorMap.java:74)
	at io.netty.util.concurrent.FastThreadLocalRunnable.run(FastThreadLocalRunnable.java:30)
	at java.base/java.lang.Thread.run(Thread.java:1575)
Caused by: java.net.ConnectException: Failed to connect to localhost/[0:0:0:0:0:0:0:1]:8500
	at okhttp3.internal.connection.RealConnection.connectSocket(RealConnection.java:249)
	at okhttp3.internal.connection.RealConnection.connect(RealConnection.java:167)
	at okhttp3.internal.connection.StreamAllocation.findConnection(StreamAllocation.java:257)
	at okhttp3.internal.connection.StreamAllocation.findHealthyConnection(StreamAllocation.java:135)
	at okhttp3.internal.connection.StreamAllocation.newStream(StreamAllocation.java:114)
	at okhttp3.internal.connection.ConnectInterceptor.intercept(ConnectInterceptor.java:42)
	at okhttp3.internal.http.RealInterceptorChain.proceed(RealInterceptorChain.java:147)
	at okhttp3.internal.http.RealInterceptorChain.proceed(RealInterceptorChain.java:121)
	at okhttp3.internal.cache.CacheInterceptor.intercept(CacheInterceptor.java:93)
	at okhttp3.internal.http.RealInterceptorChain.proceed(RealInterceptorChain.java:147)
	at okhttp3.internal.http.RealInterceptorChain.proceed(RealInterceptorChain.java:121)
	at okhttp3.internal.http.BridgeInterceptor.intercept(BridgeInterceptor.java:93)
	at okhttp3.internal.http.RealInterceptorChain.proceed(RealInterceptorChain.java:147)
	at okhttp3.internal.http.RetryAndFollowUpInterceptor.intercept(RetryAndFollowUpInterceptor.java:126)
	at okhttp3.internal.http.RealInterceptorChain.proceed(RealInterceptorChain.java:147)
	at okhttp3.internal.http.RealInterceptorChain.proceed(RealInterceptorChain.java:121)
	at com.orbitz.consul.cache.TimeoutInterceptor.intercept(TimeoutInterceptor.java:53)
	at okhttp3.internal.http.RealInterceptorChain.proceed(RealInterceptorChain.java:147)
	at okhttp3.internal.http.RealInterceptorChain.proceed(RealInterceptorChain.java:121)
	at okhttp3.RealCall.getResponseWithInterceptorChain(RealCall.java:250)
	at okhttp3.RealCall.execute(RealCall.java:93)
	at retrofit2.OkHttpCall.execute(OkHttpCall.java:186)
	at com.orbitz.consul.AgentClient.ping(AgentClient.java:62)
	... 96 common frames omitted
Caused by: java.net.ConnectException: Connection refused
	at java.base/sun.nio.ch.Net.pollConnect(Native Method)
	at java.base/sun.nio.ch.Net.pollConnectNow(Net.java:682)
	at java.base/sun.nio.ch.NioSocketImpl.timedFinishConnect(NioSocketImpl.java:542)
	at java.base/sun.nio.ch.NioSocketImpl.connect(NioSocketImpl.java:592)
	at java.base/java.net.SocksSocketImpl.connect(SocksSocketImpl.java:327)
	at java.base/java.net.Socket.connect(Socket.java:760)
	at okhttp3.internal.platform.Platform.connectSocket(Platform.java:129)
	at okhttp3.internal.connection.RealConnection.connectSocket(RealConnection.java:247)
	... 118 common frames omitted
2025-07-15 11:10:37.975 [eventLoopGroupProxy-4-1] INFO  io.ktor.server.Application - [31m500 Internal Server Error[m: [36mGET[m - / in 183ms
2025-07-15 11:11:08.970 [KtorShutdownHook] INFO  io.ktor.server.Application - Application stopping: io.ktor.server.application.Application@51e0301d
2025-07-15 11:11:08.970 [KtorShutdownHook] INFO  io.ktor.server.Application - Application stopped: io.ktor.server.application.Application@51e0301d
2025-07-15 11:31:35.480 [main] INFO  it.unibo.harmonikt.robot-manager - Starting Robot Manager service...
