2025-10-02 10:31:53.008 [main] INFO  it.unibo.harmonikt.robot-manager - Starting Robot Manager service...
2025-10-02 10:31:53.483 [main] INFO  io.ktor.server.Application - Autoreload is disabled because the development mode is off.
2025-10-02 10:31:53.638 [main] INFO  i.unibo.harmonikt.utils.ConsulPlugin - Installing ConsulPlugin with Consul URL: http://localhost:8500
2025-10-02 10:31:53.671 [main] INFO  io.ktor.server.Application - Application started in 0.623 seconds.
2025-10-02 10:48:13.526 [main] INFO  it.unibo.harmonikt.robot-manager - Starting Robot Manager service...
2025-10-02 10:48:13.986 [main] INFO  io.ktor.server.Application - Autoreload is disabled because the development mode is off.
2025-10-02 10:48:14.129 [main] INFO  i.unibo.harmonikt.utils.ConsulPlugin - Installing ConsulPlugin with Consul URL: http://localhost:8500
2025-10-02 10:48:14.171 [main] INFO  io.ktor.server.Application - Application started in 0.609 seconds.
2025-10-02 10:48:14.261 [DefaultDispatcher-worker-1] INFO  io.ktor.server.Application - Responding at http://0.0.0.0:8080
2025-10-02 10:48:16.004 [eventLoopGroupProxy-4-1] INFO  io.ktor.server.Application - [32m200 OK[m: [36mGET[m - /robots in 224ms
2025-10-02 10:48:23.296 [eventLoopGroupProxy-4-2] INFO  io.ktor.server.Application - [32m200 OK[m: [36mGET[m - /robots in 1ms
2025-10-02 10:48:34.163 [eventLoopGroupProxy-4-3] INFO  i.unibo.harmonikt.utils.ConsulPlugin - Calling service: mir-service-7ed7aafc-cb46-4a25-b252-c73692f9d781 at http://ansiela-2.local:8081/robots
2025-10-02 10:48:34.325 [DefaultDispatcher-worker-1] INFO  io.ktor.server.Application - [32m200 OK[m: [36mPOST[m - /robots in 258ms
2025-10-02 10:49:05.254 [eventLoopGroupProxy-4-4] INFO  io.ktor.server.Application - [32m200 OK[m: [36mPOST[m - /pois in 3ms
2025-10-02 10:49:38.138 [eventLoopGroupProxy-4-5] INFO  io.ktor.server.Application - [32m200 OK[m: [36mPOST[m - /pois/0d4eb8fd-baac-4792-bea0-3285d089bb7d/markers in 5ms
2025-10-02 10:51:04.309 [eventLoopGroupProxy-4-6] INFO  i.unibo.harmonikt.utils.ConsulPlugin - Calling service: mir-service-c1f96e0c-7619-4cd1-aa2b-282fd66d236a at http://2f6965905512:8080/robots/b1a1cf43-8424-4447-8f94-01d524242c70/move
2025-10-02 10:51:37.523 [DefaultDispatcher-worker-1] INFO  io.ktor.server.Application - [31m500 Internal Server Error[m: [36mPOST[m - /robots/b1a1cf43-8424-4447-8f94-01d524242c70/actions in 33243ms
2025-10-02 10:52:04.029 [eventLoopGroupProxy-4-7] INFO  io.ktor.server.Application - [32m200 OK[m: [36mGET[m - /pois in 5ms
2025-10-02 10:53:36.155 [eventLoopGroupProxy-4-8] INFO  i.unibo.harmonikt.utils.ConsulPlugin - Calling service: mir-service-c3e3ef4d-c572-4bd5-ae63-f5abfe2a7c92 at http://ansiela-2.local:8080/robots/b1a1cf43-8424-4447-8f94-01d524242c70/move
2025-10-02 10:53:36.164 [eventLoopGroupProxy-4-1] INFO  io.ktor.server.Application - [31m404 Not Found[m: [36mPOST[m - /robots/b1a1cf43-8424-4447-8f94-01d524242c70/move in 2ms
2025-10-02 10:53:36.169 [DefaultDispatcher-worker-2] INFO  io.ktor.server.Application - [31m500 Internal Server Error[m: [36mPOST[m - /robots/b1a1cf43-8424-4447-8f94-01d524242c70/actions in 42ms
2025-10-02 10:55:18.745 [eventLoopGroupProxy-4-2] INFO  i.unibo.harmonikt.utils.ConsulPlugin - Calling service: mir-service-f7c95a06-a9e1-4322-a6df-8dd1c8669aec at http://ansiela-2.local:8080/robots/b1a1cf43-8424-4447-8f94-01d524242c70/move
2025-10-02 10:55:18.748 [eventLoopGroupProxy-4-1] INFO  io.ktor.server.Application - [31m404 Not Found[m: [36mPOST[m - /robots/b1a1cf43-8424-4447-8f94-01d524242c70/move in 0ms
2025-10-02 10:55:18.750 [DefaultDispatcher-worker-1] INFO  io.ktor.server.Application - [31m500 Internal Server Error[m: [36mPOST[m - /robots/b1a1cf43-8424-4447-8f94-01d524242c70/actions in 26ms
2025-10-02 10:55:43.580 [eventLoopGroupProxy-4-3] INFO  i.unibo.harmonikt.utils.ConsulPlugin - Calling service: mir-service-7ed7aafc-cb46-4a25-b252-c73692f9d781 at http://ansiela-2.local:8081/robots/b1a1cf43-8424-4447-8f94-01d524242c70/move
2025-10-02 10:55:43.617 [DefaultDispatcher-worker-4] INFO  io.ktor.server.Application - [31m500 Internal Server Error[m: [36mPOST[m - /robots/b1a1cf43-8424-4447-8f94-01d524242c70/actions in 50ms
2025-10-02 10:55:59.050 [eventLoopGroupProxy-4-4] INFO  io.ktor.server.Application - [32m200 OK[m: [36mGET[m - /pois in 1ms
2025-10-02 10:56:07.233 [eventLoopGroupProxy-4-5] INFO  i.unibo.harmonikt.utils.ConsulPlugin - Calling service: mir-service-c1f96e0c-7619-4cd1-aa2b-282fd66d236a at http://2f6965905512:8080/robots/b1a1cf43-8424-4447-8f94-01d524242c70/move
2025-10-02 10:56:40.077 [DefaultDispatcher-worker-3] INFO  io.ktor.server.Application - [31m500 Internal Server Error[m: [36mPOST[m - /robots/b1a1cf43-8424-4447-8f94-01d524242c70/actions in 32855ms
2025-10-02 10:57:45.810 [eventLoopGroupProxy-3-4] WARN  i.n.u.c.AbstractEventExecutor - A task raised an exception. Task: io.netty.channel.AbstractChannel$AbstractUnsafe$8@38b0a894
java.util.concurrent.RejectedExecutionException: event executor terminated
	at io.netty.util.concurrent.SingleThreadEventExecutor.reject(SingleThreadEventExecutor.java:1005)
	at io.netty.util.concurrent.SingleThreadEventExecutor.offerTask(SingleThreadEventExecutor.java:388)
	at io.netty.util.concurrent.SingleThreadEventExecutor.addTask(SingleThreadEventExecutor.java:381)
	at io.netty.util.concurrent.SingleThreadEventExecutor.execute(SingleThreadEventExecutor.java:907)
	at io.netty.util.concurrent.SingleThreadEventExecutor.execute0(SingleThreadEventExecutor.java:873)
	at io.netty.util.concurrent.SingleThreadEventExecutor.execute(SingleThreadEventExecutor.java:863)
	at io.netty.channel.DefaultChannelPipeline.destroyUp(DefaultChannelPipeline.java:816)
	at io.netty.channel.DefaultChannelPipeline.destroy(DefaultChannelPipeline.java:801)
	at io.netty.channel.DefaultChannelPipeline.access$700(DefaultChannelPipeline.java:45)
	at io.netty.channel.DefaultChannelPipeline$HeadContext.channelUnregistered(DefaultChannelPipeline.java:1411)
	at io.netty.channel.DefaultChannelPipeline.fireChannelUnregistered(DefaultChannelPipeline.java:780)
	at io.netty.channel.AbstractChannel$AbstractUnsafe$8.run(AbstractChannel.java:692)
	at io.netty.util.concurrent.AbstractEventExecutor.runTask(AbstractEventExecutor.java:148)
	at io.netty.util.concurrent.AbstractEventExecutor.safeExecute(AbstractEventExecutor.java:141)
	at io.netty.util.concurrent.SingleThreadEventExecutor.runAllTasks(SingleThreadEventExecutor.java:507)
	at io.netty.channel.SingleThreadIoEventLoop.run(SingleThreadIoEventLoop.java:183)
	at io.netty.util.concurrent.SingleThreadEventExecutor$5.run(SingleThreadEventExecutor.java:1073)
	at io.netty.util.internal.ThreadExecutorMap$2.run(ThreadExecutorMap.java:74)
	at io.netty.util.concurrent.FastThreadLocalRunnable.run(FastThreadLocalRunnable.java:30)
	at java.base/java.lang.Thread.run(Thread.java:1583)
2025-10-02 10:59:12.066 [main] INFO  it.unibo.harmonikt.robot-manager - Starting Robot Manager service...
2025-10-02 10:59:12.530 [main] INFO  io.ktor.server.Application - Autoreload is disabled because the development mode is off.
2025-10-02 10:59:12.690 [main] INFO  i.unibo.harmonikt.utils.ConsulPlugin - Installing ConsulPlugin with Consul URL: http://localhost:8500
2025-10-02 10:59:12.729 [main] INFO  io.ktor.server.Application - Application started in 0.627 seconds.
2025-10-02 10:59:12.822 [DefaultDispatcher-worker-1] INFO  io.ktor.server.Application - Responding at http://0.0.0.0:8080
2025-10-02 10:59:15.172 [eventLoopGroupProxy-4-1] INFO  io.ktor.server.Application - [32m200 OK[m: [36mGET[m - /robots in 215ms
2025-10-02 10:59:58.905 [eventLoopGroupProxy-4-2] INFO  i.unibo.harmonikt.utils.ConsulPlugin - Calling service: mir-service-7ed7aafc-cb46-4a25-b252-c73692f9d781 at http://ansiela-2.local:8081/robots
2025-10-02 10:59:58.969 [DefaultDispatcher-worker-1] INFO  io.ktor.server.Application - [32m200 OK[m: [36mPOST[m - /robots in 161ms
2025-10-02 11:00:26.831 [eventLoopGroupProxy-4-3] INFO  io.ktor.server.Application - [32m200 OK[m: [36mPOST[m - /pois in 5ms
2025-10-02 11:01:16.391 [eventLoopGroupProxy-4-4] INFO  io.ktor.server.Application - [32m200 OK[m: [36mPOST[m - /pois/7298d5bb-bb45-4899-8757-0803d4b67e2a/markers in 6ms
2025-10-02 11:02:19.309 [eventLoopGroupProxy-4-5] INFO  i.unibo.harmonikt.utils.ConsulPlugin - Calling service: mir-service-c1f96e0c-7619-4cd1-aa2b-282fd66d236a at http://2f6965905512:8080/robots/1813865a-3838-4461-be8f-a77a726354b1/move
2025-10-02 11:02:52.190 [DefaultDispatcher-worker-4] INFO  io.ktor.server.Application - [31m500 Internal Server Error[m: [36mPOST[m - /robots/1813865a-3838-4461-be8f-a77a726354b1/actions in 32905ms
2025-10-02 11:03:52.843 [eventLoopGroupProxy-4-6] INFO  i.unibo.harmonikt.utils.ConsulPlugin - Calling service: mir-service-c3e3ef4d-c572-4bd5-ae63-f5abfe2a7c92 at http://ansiela-2.local:8080/robots/1813865a-3838-4461-be8f-a77a726354b1/move
2025-10-02 11:03:52.851 [eventLoopGroupProxy-4-7] INFO  io.ktor.server.Application - [31m404 Not Found[m: [36mPOST[m - /robots/1813865a-3838-4461-be8f-a77a726354b1/move in 2ms
2025-10-02 11:03:52.856 [DefaultDispatcher-worker-4] INFO  io.ktor.server.Application - [31m500 Internal Server Error[m: [36mPOST[m - /robots/1813865a-3838-4461-be8f-a77a726354b1/actions in 28ms
2025-10-02 11:04:27.306 [eventLoopGroupProxy-4-8] INFO  io.ktor.server.Application - [32m200 OK[m: [36mGET[m - /pois in 3ms
2025-10-02 11:04:35.077 [eventLoopGroupProxy-4-1] INFO  i.unibo.harmonikt.utils.ConsulPlugin - Calling service: mir-service-f31f627d-3029-4c40-86a5-cd260c30c5a0 at http://ansiela-2.local:8081/robots/1813865a-3838-4461-be8f-a77a726354b1/move
2025-10-02 11:04:35.107 [DefaultDispatcher-worker-5] INFO  io.ktor.server.Application - [31m500 Internal Server Error[m: [36mPOST[m - /robots/1813865a-3838-4461-be8f-a77a726354b1/actions in 46ms
2025-10-02 11:06:34.140 [eventLoopGroupProxy-3-2] WARN  i.n.u.c.AbstractEventExecutor - A task raised an exception. Task: io.netty.channel.AbstractChannel$AbstractUnsafe$8@bb35414
java.util.concurrent.RejectedExecutionException: event executor terminated
	at io.netty.util.concurrent.SingleThreadEventExecutor.reject(SingleThreadEventExecutor.java:1005)
	at io.netty.util.concurrent.SingleThreadEventExecutor.offerTask(SingleThreadEventExecutor.java:388)
	at io.netty.util.concurrent.SingleThreadEventExecutor.addTask(SingleThreadEventExecutor.java:381)
	at io.netty.util.concurrent.SingleThreadEventExecutor.execute(SingleThreadEventExecutor.java:907)
	at io.netty.util.concurrent.SingleThreadEventExecutor.execute0(SingleThreadEventExecutor.java:873)
	at io.netty.util.concurrent.SingleThreadEventExecutor.execute(SingleThreadEventExecutor.java:863)
	at io.netty.channel.DefaultChannelPipeline.destroyUp(DefaultChannelPipeline.java:816)
	at io.netty.channel.DefaultChannelPipeline.destroy(DefaultChannelPipeline.java:801)
	at io.netty.channel.DefaultChannelPipeline.access$700(DefaultChannelPipeline.java:45)
	at io.netty.channel.DefaultChannelPipeline$HeadContext.channelUnregistered(DefaultChannelPipeline.java:1411)
	at io.netty.channel.DefaultChannelPipeline.fireChannelUnregistered(DefaultChannelPipeline.java:780)
	at io.netty.channel.AbstractChannel$AbstractUnsafe$8.run(AbstractChannel.java:692)
	at io.netty.util.concurrent.AbstractEventExecutor.runTask(AbstractEventExecutor.java:148)
	at io.netty.util.concurrent.AbstractEventExecutor.safeExecute(AbstractEventExecutor.java:141)
	at io.netty.util.concurrent.SingleThreadEventExecutor.runAllTasks(SingleThreadEventExecutor.java:507)
	at io.netty.channel.SingleThreadIoEventLoop.run(SingleThreadIoEventLoop.java:183)
	at io.netty.util.concurrent.SingleThreadEventExecutor$5.run(SingleThreadEventExecutor.java:1073)
	at io.netty.util.internal.ThreadExecutorMap$2.run(ThreadExecutorMap.java:74)
	at io.netty.util.concurrent.FastThreadLocalRunnable.run(FastThreadLocalRunnable.java:30)
	at java.base/java.lang.Thread.run(Thread.java:1583)
2025-10-02 11:06:42.851 [main] INFO  it.unibo.harmonikt.robot-manager - Starting Robot Manager service...
2025-10-02 11:06:43.704 [main] INFO  io.ktor.server.Application - Autoreload is disabled because the development mode is off.
2025-10-02 11:06:44.072 [main] INFO  i.unibo.harmonikt.utils.ConsulPlugin - Installing ConsulPlugin with Consul URL: http://localhost:8500
2025-10-02 11:06:44.266 [main] INFO  io.ktor.server.Application - Application started in 1.367 seconds.
2025-10-02 11:06:44.628 [DefaultDispatcher-worker-2] INFO  io.ktor.server.Application - Responding at http://0.0.0.0:8080
2025-10-02 11:07:03.879 [eventLoopGroupProxy-4-1] INFO  io.ktor.server.Application - [32m200 OK[m: [36mGET[m - /robots in 439ms
2025-10-02 11:07:09.947 [eventLoopGroupProxy-4-2] INFO  i.unibo.harmonikt.utils.ConsulPlugin - Calling service: mir-service-7ed7aafc-cb46-4a25-b252-c73692f9d781 at http://ansiela-2.local:8081/robots
2025-10-02 11:07:10.127 [DefaultDispatcher-worker-2] INFO  io.ktor.server.Application - [32m200 OK[m: [36mPOST[m - /robots in 286ms
2025-10-02 11:07:17.469 [eventLoopGroupProxy-4-3] INFO  io.ktor.server.Application - [32m200 OK[m: [36mPOST[m - /pois in 6ms
2025-10-02 11:07:32.614 [eventLoopGroupProxy-4-4] INFO  io.ktor.server.Application - [32m200 OK[m: [36mPOST[m - /pois/79c44956-be07-42d7-b565-169304f4c925/markers in 5ms
2025-10-02 11:08:38.935 [eventLoopGroupProxy-4-5] INFO  i.unibo.harmonikt.utils.ConsulPlugin - Calling service: mir-service-9628f5ad-25bd-4ae8-a5e7-4ed6d8e6d024 at http://ansiela-2.local:8081/robots/4aa826ff-8356-4eb2-8586-d82addb149fd/move
2025-10-02 11:08:38.958 [DefaultDispatcher-worker-1] INFO  io.ktor.server.Application - [31m500 Internal Server Error[m: [36mPOST[m - /robots/4aa826ff-8356-4eb2-8586-d82addb149fd/actions in 45ms
2025-10-02 11:10:43.196 [main] INFO  it.unibo.harmonikt.robot-manager - Starting Robot Manager service...
2025-10-02 11:10:44.098 [main] INFO  io.ktor.server.Application - Autoreload is disabled because the development mode is off.
2025-10-02 11:10:44.347 [main] INFO  i.unibo.harmonikt.utils.ConsulPlugin - Installing ConsulPlugin with Consul URL: http://localhost:8500
2025-10-02 11:10:44.391 [main] INFO  io.ktor.server.Application - Application started in 1.13 seconds.
2025-10-02 11:10:44.505 [DefaultDispatcher-worker-1] INFO  io.ktor.server.Application - Responding at http://0.0.0.0:8080
2025-10-02 11:10:50.967 [main] INFO  it.unibo.harmonikt.robot-manager - Starting Robot Manager service...
2025-10-02 11:10:51.637 [main] INFO  io.ktor.server.Application - Autoreload is disabled because the development mode is off.
2025-10-02 11:10:51.848 [main] INFO  i.unibo.harmonikt.utils.ConsulPlugin - Installing ConsulPlugin with Consul URL: http://localhost:8500
2025-10-02 11:10:51.894 [main] INFO  io.ktor.server.Application - Application started in 0.882 seconds.
2025-10-02 11:10:51.996 [DefaultDispatcher-worker-1] INFO  io.ktor.server.Application - Responding at http://0.0.0.0:8080
2025-10-02 11:11:00.167 [eventLoopGroupProxy-4-1] INFO  i.unibo.harmonikt.utils.ConsulPlugin - Calling service: mir-service-7ca4be11-5b30-47d0-9f07-977c665525d0 at http://ansiela-2.local:8081/robots
2025-10-02 11:11:00.779 [DefaultDispatcher-worker-1] INFO  io.ktor.server.Application - [32m200 OK[m: [36mPOST[m - /robots in 727ms
2025-10-02 11:11:02.865 [eventLoopGroupProxy-4-2] INFO  io.ktor.server.Application - [32m200 OK[m: [36mPOST[m - /pois in 5ms
2025-10-02 11:11:15.139 [eventLoopGroupProxy-4-3] INFO  io.ktor.server.Application - [32m200 OK[m: [36mPOST[m - /pois/65c98e70-bb75-4033-86db-f50491465b56/markers in 4ms
2025-10-02 11:12:12.021 [eventLoopGroupProxy-4-4] INFO  i.unibo.harmonikt.utils.ConsulPlugin - Calling service: mir-service-7ed7aafc-cb46-4a25-b252-c73692f9d781 at http://ansiela-2.local:8081/robots/e58c5fc0-a0ec-4221-9038-6a26d6526d92/move
2025-10-02 11:12:12.044 [DefaultDispatcher-worker-1] INFO  io.ktor.server.Application - [31m500 Internal Server Error[m: [36mPOST[m - /robots/e58c5fc0-a0ec-4221-9038-6a26d6526d92/actions in 38ms
2025-10-02 11:16:56.997 [main] INFO  it.unibo.harmonikt.robot-manager - Starting Robot Manager service...
2025-10-02 11:16:57.647 [main] INFO  io.ktor.server.Application - Autoreload is disabled because the development mode is off.
2025-10-02 11:16:57.819 [main] INFO  i.unibo.harmonikt.utils.ConsulPlugin - Installing ConsulPlugin with Consul URL: http://localhost:8500
2025-10-02 11:16:57.869 [main] INFO  io.ktor.server.Application - Application started in 0.744 seconds.
2025-10-02 11:16:57.973 [DefaultDispatcher-worker-1] INFO  io.ktor.server.Application - Responding at http://0.0.0.0:8080
2025-10-02 11:17:46.991 [main] INFO  it.unibo.harmonikt.robot-manager - Starting Robot Manager service...
2025-10-02 11:17:47.608 [main] INFO  io.ktor.server.Application - Autoreload is disabled because the development mode is off.
2025-10-02 11:17:47.739 [main] INFO  i.unibo.harmonikt.utils.ConsulPlugin - Installing ConsulPlugin with Consul URL: http://localhost:8500
2025-10-02 11:17:47.776 [main] INFO  io.ktor.server.Application - Application started in 0.697 seconds.
2025-10-02 11:17:47.848 [DefaultDispatcher-worker-1] INFO  io.ktor.server.Application - Responding at http://0.0.0.0:8080
2025-10-02 11:18:00.644 [main] INFO  it.unibo.harmonikt.robot-manager - Starting Robot Manager service...
2025-10-02 11:18:01.199 [main] INFO  io.ktor.server.Application - Autoreload is disabled because the development mode is off.
2025-10-02 11:18:01.405 [main] INFO  i.unibo.harmonikt.utils.ConsulPlugin - Installing ConsulPlugin with Consul URL: http://localhost:8500
2025-10-02 11:18:01.444 [main] INFO  io.ktor.server.Application - Application started in 0.754 seconds.
2025-10-02 11:18:01.529 [DefaultDispatcher-worker-1] INFO  io.ktor.server.Application - Responding at http://0.0.0.0:8080
2025-10-02 11:18:10.743 [eventLoopGroupProxy-4-1] INFO  io.ktor.server.Application - [32m200 OK[m: [36mGET[m - /robots in 465ms
2025-10-02 11:18:12.712 [eventLoopGroupProxy-4-2] INFO  i.unibo.harmonikt.utils.ConsulPlugin - Calling service: mir-service-745956eb-f4ed-4866-ae91-3e687dbe8bb8 at http://ansiela-2.local:8081/robots
2025-10-02 11:18:12.883 [DefaultDispatcher-worker-1] INFO  io.ktor.server.Application - [32m200 OK[m: [36mPOST[m - /robots in 273ms
2025-10-02 11:18:16.839 [eventLoopGroupProxy-4-3] INFO  io.ktor.server.Application - [32m200 OK[m: [36mPOST[m - /pois in 5ms
2025-10-02 11:18:28.727 [eventLoopGroupProxy-4-4] INFO  io.ktor.server.Application - [32m200 OK[m: [36mPOST[m - /pois/3d08f4f5-2b93-40ab-b30f-7c0c60c45370/markers in 4ms
2025-10-02 11:18:52.988 [eventLoopGroupProxy-4-5] INFO  i.unibo.harmonikt.utils.ConsulPlugin - Calling service: mir-service-7ca4be11-5b30-47d0-9f07-977c665525d0 at http://ansiela-2.local:8081/robots/4689f88b-c412-4d62-8863-c96a64359d85/move
2025-10-02 11:18:53.010 [DefaultDispatcher-worker-4] INFO  io.ktor.server.Application - [31m500 Internal Server Error[m: [36mPOST[m - /robots/4689f88b-c412-4d62-8863-c96a64359d85/actions in 38ms
2025-10-02 11:22:31.585 [eventLoopGroupProxy-4-6] INFO  i.unibo.harmonikt.utils.ConsulPlugin - Calling service: mir-service-7ed7aafc-cb46-4a25-b252-c73692f9d781 at http://ansiela-2.local:8081/robots/4689f88b-c412-4d62-8863-c96a64359d85/move
2025-10-02 11:22:31.597 [DefaultDispatcher-worker-1] INFO  io.ktor.server.Application - [31m500 Internal Server Error[m: [36mPOST[m - /robots/4689f88b-c412-4d62-8863-c96a64359d85/actions in 39ms
2025-10-02 11:23:13.848 [main] INFO  it.unibo.harmonikt.robot-manager - Starting Robot Manager service...
2025-10-02 11:23:14.310 [main] INFO  io.ktor.server.Application - Autoreload is disabled because the development mode is off.
2025-10-02 11:23:14.500 [main] INFO  i.unibo.harmonikt.utils.ConsulPlugin - Installing ConsulPlugin with Consul URL: http://localhost:8500
2025-10-02 11:23:14.546 [main] INFO  io.ktor.server.Application - Application started in 0.662 seconds.
2025-10-02 11:23:14.645 [DefaultDispatcher-worker-1] INFO  io.ktor.server.Application - Responding at http://0.0.0.0:8080
2025-10-02 11:24:12.967 [main] INFO  it.unibo.harmonikt.robot-manager - Starting Robot Manager service...
2025-10-02 11:24:13.422 [main] INFO  io.ktor.server.Application - Autoreload is disabled because the development mode is off.
2025-10-02 11:24:13.569 [main] INFO  i.unibo.harmonikt.utils.ConsulPlugin - Installing ConsulPlugin with Consul URL: http://localhost:8500
2025-10-02 11:24:13.606 [main] INFO  io.ktor.server.Application - Application started in 0.601 seconds.
2025-10-02 11:24:13.698 [DefaultDispatcher-worker-1] INFO  io.ktor.server.Application - Responding at http://0.0.0.0:8080
2025-10-02 11:27:12.999 [main] INFO  it.unibo.harmonikt.robot-manager - Starting Robot Manager service...
2025-10-02 11:27:13.459 [main] INFO  io.ktor.server.Application - Autoreload is disabled because the development mode is off.
2025-10-02 11:27:13.601 [main] INFO  i.unibo.harmonikt.utils.ConsulPlugin - Installing ConsulPlugin with Consul URL: http://localhost:8500
2025-10-02 11:27:13.639 [main] INFO  io.ktor.server.Application - Application started in 0.607 seconds.
2025-10-02 11:27:13.721 [DefaultDispatcher-worker-1] INFO  io.ktor.server.Application - Responding at http://0.0.0.0:8080
2025-10-02 11:30:10.996 [main] INFO  it.unibo.harmonikt.robot-manager - Starting Robot Manager service...
2025-10-02 11:30:11.464 [main] INFO  io.ktor.server.Application - Autoreload is disabled because the development mode is off.
2025-10-02 11:30:11.606 [main] INFO  i.unibo.harmonikt.utils.ConsulPlugin - Installing ConsulPlugin with Consul URL: http://localhost:8500
2025-10-02 11:30:11.641 [main] INFO  io.ktor.server.Application - Application started in 0.608 seconds.
2025-10-02 11:30:11.725 [DefaultDispatcher-worker-1] INFO  io.ktor.server.Application - Responding at http://0.0.0.0:8080
2025-10-02 11:30:39.649 [main] INFO  it.unibo.harmonikt.robot-manager - Starting Robot Manager service...
2025-10-02 11:30:40.114 [main] INFO  io.ktor.server.Application - Autoreload is disabled because the development mode is off.
2025-10-02 11:30:40.268 [main] INFO  i.unibo.harmonikt.utils.ConsulPlugin - Installing ConsulPlugin with Consul URL: http://localhost:8500
2025-10-02 11:30:40.304 [main] INFO  io.ktor.server.Application - Application started in 0.621 seconds.
2025-10-02 11:30:40.391 [DefaultDispatcher-worker-1] INFO  io.ktor.server.Application - Responding at http://0.0.0.0:8080
2025-10-02 11:34:14.479 [main] INFO  it.unibo.harmonikt.robot-manager - Starting Robot Manager service...
2025-10-02 11:34:14.953 [main] INFO  io.ktor.server.Application - Autoreload is disabled because the development mode is off.
2025-10-02 11:34:15.096 [main] INFO  i.unibo.harmonikt.utils.ConsulPlugin - Installing ConsulPlugin with Consul URL: http://localhost:8500
2025-10-02 11:34:15.134 [main] INFO  io.ktor.server.Application - Application started in 0.62 seconds.
2025-10-02 11:34:15.222 [DefaultDispatcher-worker-1] INFO  io.ktor.server.Application - Responding at http://0.0.0.0:8080
2025-10-02 11:37:08.197 [main] INFO  it.unibo.harmonikt.robot-manager - Starting Robot Manager service...
2025-10-02 11:37:08.714 [main] INFO  io.ktor.server.Application - Autoreload is disabled because the development mode is off.
2025-10-02 11:37:08.853 [main] INFO  i.unibo.harmonikt.utils.ConsulPlugin - Installing ConsulPlugin with Consul URL: http://localhost:8500
2025-10-02 11:37:08.889 [main] INFO  io.ktor.server.Application - Application started in 0.656 seconds.
2025-10-02 11:37:08.976 [DefaultDispatcher-worker-1] INFO  io.ktor.server.Application - Responding at http://0.0.0.0:8080
2025-10-02 11:37:23.808 [main] INFO  it.unibo.harmonikt.robot-manager - Starting Robot Manager service...
2025-10-02 11:37:24.263 [main] INFO  io.ktor.server.Application - Autoreload is disabled because the development mode is off.
2025-10-02 11:37:24.419 [main] INFO  i.unibo.harmonikt.utils.ConsulPlugin - Installing ConsulPlugin with Consul URL: http://localhost:8500
2025-10-02 11:37:24.456 [main] INFO  io.ktor.server.Application - Application started in 0.611 seconds.
2025-10-02 11:37:24.539 [DefaultDispatcher-worker-1] INFO  io.ktor.server.Application - Responding at http://0.0.0.0:8080
2025-10-02 11:44:24.425 [main] INFO  it.unibo.harmonikt.robot-manager - Starting Robot Manager service...
2025-10-02 11:44:24.892 [main] INFO  io.ktor.server.Application - Autoreload is disabled because the development mode is off.
2025-10-02 11:44:25.045 [main] INFO  i.unibo.harmonikt.utils.ConsulPlugin - Installing ConsulPlugin with Consul URL: http://localhost:8500
2025-10-02 11:44:25.090 [main] INFO  io.ktor.server.Application - Application started in 0.63 seconds.
2025-10-02 11:44:25.172 [DefaultDispatcher-worker-1] INFO  io.ktor.server.Application - Responding at http://0.0.0.0:8080
2025-10-02 11:44:44.600 [main] INFO  it.unibo.harmonikt.robot-manager - Starting Robot Manager service...
2025-10-02 11:44:45.092 [main] INFO  io.ktor.server.Application - Autoreload is disabled because the development mode is off.
2025-10-02 11:44:45.249 [main] INFO  i.unibo.harmonikt.utils.ConsulPlugin - Installing ConsulPlugin with Consul URL: http://localhost:8500
2025-10-02 11:44:45.287 [main] INFO  io.ktor.server.Application - Application started in 0.652 seconds.
2025-10-02 11:44:45.371 [DefaultDispatcher-worker-1] INFO  io.ktor.server.Application - Responding at http://0.0.0.0:8080
2025-10-02 11:45:19.281 [main] INFO  it.unibo.harmonikt.robot-manager - Starting Robot Manager service...
2025-10-02 11:45:19.718 [main] INFO  io.ktor.server.Application - Autoreload is disabled because the development mode is off.
2025-10-02 11:45:19.855 [main] INFO  i.unibo.harmonikt.utils.ConsulPlugin - Installing ConsulPlugin with Consul URL: http://localhost:8500
2025-10-02 11:45:19.890 [main] INFO  io.ktor.server.Application - Application started in 0.575 seconds.
2025-10-02 11:45:19.973 [DefaultDispatcher-worker-1] INFO  io.ktor.server.Application - Responding at http://0.0.0.0:8080
2025-10-02 11:46:42.959 [main] INFO  it.unibo.harmonikt.robot-manager - Starting Robot Manager service...
2025-10-02 11:46:43.557 [main] INFO  io.ktor.server.Application - Autoreload is disabled because the development mode is off.
2025-10-02 11:46:43.746 [main] INFO  i.unibo.harmonikt.utils.ConsulPlugin - Installing ConsulPlugin with Consul URL: http://localhost:8500
2025-10-02 11:46:43.809 [main] INFO  io.ktor.server.Application - Application started in 0.786 seconds.
2025-10-02 11:46:43.913 [DefaultDispatcher-worker-1] INFO  io.ktor.server.Application - Responding at http://0.0.0.0:8080
2025-10-02 11:47:06.965 [main] INFO  it.unibo.harmonikt.robot-manager - Starting Robot Manager service...
2025-10-02 11:47:07.449 [main] INFO  io.ktor.server.Application - Autoreload is disabled because the development mode is off.
2025-10-02 11:47:07.620 [main] INFO  i.unibo.harmonikt.utils.ConsulPlugin - Installing ConsulPlugin with Consul URL: http://localhost:8500
2025-10-02 11:47:07.660 [main] INFO  io.ktor.server.Application - Application started in 0.652 seconds.
2025-10-02 11:47:07.746 [DefaultDispatcher-worker-1] INFO  io.ktor.server.Application - Responding at http://0.0.0.0:8080
2025-10-02 11:48:46.715 [main] INFO  it.unibo.harmonikt.robot-manager - Starting Robot Manager service...
2025-10-02 11:48:47.151 [main] INFO  io.ktor.server.Application - Autoreload is disabled because the development mode is off.
2025-10-02 11:48:47.299 [main] INFO  i.unibo.harmonikt.utils.ConsulPlugin - Installing ConsulPlugin with Consul URL: http://localhost:8500
2025-10-02 11:48:47.337 [main] INFO  io.ktor.server.Application - Application started in 0.59 seconds.
2025-10-02 11:48:47.419 [DefaultDispatcher-worker-1] INFO  io.ktor.server.Application - Responding at http://0.0.0.0:8080
2025-10-02 11:48:57.858 [main] INFO  it.unibo.harmonikt.robot-manager - Starting Robot Manager service...
2025-10-02 11:48:58.301 [main] INFO  io.ktor.server.Application - Autoreload is disabled because the development mode is off.
2025-10-02 11:48:58.436 [main] INFO  i.unibo.harmonikt.utils.ConsulPlugin - Installing ConsulPlugin with Consul URL: http://localhost:8500
2025-10-02 11:48:58.473 [main] INFO  io.ktor.server.Application - Application started in 0.58 seconds.
2025-10-02 11:48:58.556 [DefaultDispatcher-worker-1] INFO  io.ktor.server.Application - Responding at http://0.0.0.0:8080
2025-10-02 11:49:58.240 [main] INFO  it.unibo.harmonikt.robot-manager - Starting Robot Manager service...
2025-10-02 11:49:58.677 [main] INFO  io.ktor.server.Application - Autoreload is disabled because the development mode is off.
2025-10-02 11:49:58.813 [main] INFO  i.unibo.harmonikt.utils.ConsulPlugin - Installing ConsulPlugin with Consul URL: http://localhost:8500
2025-10-02 11:49:58.849 [main] INFO  io.ktor.server.Application - Application started in 0.577 seconds.
2025-10-02 11:49:58.926 [DefaultDispatcher-worker-1] INFO  io.ktor.server.Application - Responding at http://0.0.0.0:8080
2025-10-02 11:50:57.632 [main] INFO  it.unibo.harmonikt.robot-manager - Starting Robot Manager service...
2025-10-02 11:50:58.077 [main] INFO  io.ktor.server.Application - Autoreload is disabled because the development mode is off.
2025-10-02 11:50:58.221 [main] INFO  i.unibo.harmonikt.utils.ConsulPlugin - Installing ConsulPlugin with Consul URL: http://localhost:8500
2025-10-02 11:50:58.263 [main] INFO  io.ktor.server.Application - Application started in 0.598 seconds.
2025-10-02 11:50:58.350 [DefaultDispatcher-worker-1] INFO  io.ktor.server.Application - Responding at http://0.0.0.0:8080
2025-10-02 11:51:39.963 [main] INFO  it.unibo.harmonikt.robot-manager - Starting Robot Manager service...
2025-10-02 11:51:44.468 [main] INFO  it.unibo.harmonikt.robot-manager - Starting Robot Manager service...
2025-10-02 11:51:45.166 [main] INFO  io.ktor.server.Application - Autoreload is disabled because the development mode is off.
2025-10-02 11:51:45.547 [main] INFO  i.unibo.harmonikt.utils.ConsulPlugin - Installing ConsulPlugin with Consul URL: http://localhost:8500
2025-10-02 11:51:45.608 [main] INFO  io.ktor.server.Application - Application started in 0.974 seconds.
2025-10-02 11:51:45.788 [DefaultDispatcher-worker-1] INFO  io.ktor.server.Application - Responding at http://0.0.0.0:8080
2025-10-02 11:51:50.126 [main] INFO  it.unibo.harmonikt.robot-manager - Starting Robot Manager service...
2025-10-02 11:51:50.538 [main] INFO  io.ktor.server.Application - Autoreload is disabled because the development mode is off.
2025-10-02 11:51:50.669 [main] INFO  i.unibo.harmonikt.utils.ConsulPlugin - Installing ConsulPlugin with Consul URL: http://localhost:8500
2025-10-02 11:51:50.700 [main] INFO  io.ktor.server.Application - Application started in 0.538 seconds.
2025-10-02 11:51:50.777 [DefaultDispatcher-worker-1] INFO  io.ktor.server.Application - Responding at http://0.0.0.0:8080
2025-10-02 11:55:58.025 [main] INFO  it.unibo.harmonikt.robot-manager - Starting Robot Manager service...
2025-10-02 11:55:58.473 [main] INFO  io.ktor.server.Application - Autoreload is disabled because the development mode is off.
2025-10-02 11:55:58.606 [main] INFO  i.unibo.harmonikt.utils.ConsulPlugin - Installing ConsulPlugin with Consul URL: http://localhost:8500
2025-10-02 11:55:58.645 [main] INFO  io.ktor.server.Application - Application started in 0.587 seconds.
2025-10-02 11:55:58.729 [DefaultDispatcher-worker-2] INFO  io.ktor.server.Application - Responding at http://0.0.0.0:8080
2025-10-02 11:59:41.937 [main] INFO  it.unibo.harmonikt.robot-manager - Starting Robot Manager service...
2025-10-02 11:59:42.536 [main] INFO  io.ktor.server.Application - Autoreload is disabled because the development mode is off.
2025-10-02 11:59:42.676 [main] INFO  i.unibo.harmonikt.utils.ConsulPlugin - Installing ConsulPlugin with Consul URL: http://localhost:8500
2025-10-02 11:59:42.714 [main] INFO  io.ktor.server.Application - Application started in 0.745 seconds.
2025-10-02 11:59:42.798 [DefaultDispatcher-worker-1] INFO  io.ktor.server.Application - Responding at http://0.0.0.0:8080
2025-10-02 12:00:06.236 [main] INFO  it.unibo.harmonikt.robot-manager - Starting Robot Manager service...
2025-10-02 12:00:06.690 [main] INFO  io.ktor.server.Application - Autoreload is disabled because the development mode is off.
2025-10-02 12:00:06.830 [main] INFO  i.unibo.harmonikt.utils.ConsulPlugin - Installing ConsulPlugin with Consul URL: http://localhost:8500
2025-10-02 12:00:06.869 [main] INFO  io.ktor.server.Application - Application started in 0.599 seconds.
2025-10-02 12:00:06.960 [DefaultDispatcher-worker-1] INFO  io.ktor.server.Application - Responding at http://0.0.0.0:8080
2025-10-02 12:01:17.056 [main] INFO  it.unibo.harmonikt.robot-manager - Starting Robot Manager service...
2025-10-02 12:01:17.500 [main] INFO  io.ktor.server.Application - Autoreload is disabled because the development mode is off.
2025-10-02 12:01:17.638 [main] INFO  i.unibo.harmonikt.utils.ConsulPlugin - Installing ConsulPlugin with Consul URL: http://localhost:8500
2025-10-02 12:01:17.675 [main] INFO  io.ktor.server.Application - Application started in 0.585 seconds.
2025-10-02 12:01:17.755 [DefaultDispatcher-worker-1] INFO  io.ktor.server.Application - Responding at http://0.0.0.0:8080
2025-10-02 12:08:17.529 [main] INFO  it.unibo.harmonikt.robot-manager - Starting Robot Manager service...
2025-10-02 12:08:17.970 [main] INFO  io.ktor.server.Application - Autoreload is disabled because the development mode is off.
2025-10-02 12:08:18.104 [main] INFO  i.unibo.harmonikt.utils.ConsulPlugin - Installing ConsulPlugin with Consul URL: http://localhost:8500
2025-10-02 12:08:18.141 [main] INFO  io.ktor.server.Application - Application started in 0.578 seconds.
2025-10-02 12:08:18.227 [DefaultDispatcher-worker-1] INFO  io.ktor.server.Application - Responding at http://0.0.0.0:8080
2025-10-02 12:10:27.607 [main] INFO  it.unibo.harmonikt.robot-manager - Starting Robot Manager service...
2025-10-02 12:10:28.053 [main] INFO  io.ktor.server.Application - Autoreload is disabled because the development mode is off.
2025-10-02 12:10:28.255 [main] INFO  i.unibo.harmonikt.utils.ConsulPlugin - Installing ConsulPlugin with Consul URL: http://localhost:8500
2025-10-02 12:10:28.307 [main] INFO  io.ktor.server.Application - Application started in 0.667 seconds.
2025-10-02 12:10:28.415 [DefaultDispatcher-worker-1] INFO  io.ktor.server.Application - Responding at http://0.0.0.0:8080
2025-10-02 12:10:35.443 [main] INFO  it.unibo.harmonikt.robot-manager - Starting Robot Manager service...
2025-10-02 12:10:35.976 [main] INFO  io.ktor.server.Application - Autoreload is disabled because the development mode is off.
2025-10-02 12:10:36.121 [main] INFO  i.unibo.harmonikt.utils.ConsulPlugin - Installing ConsulPlugin with Consul URL: http://localhost:8500
2025-10-02 12:10:36.158 [main] INFO  io.ktor.server.Application - Application started in 0.682 seconds.
2025-10-02 12:10:36.243 [DefaultDispatcher-worker-1] INFO  io.ktor.server.Application - Responding at http://0.0.0.0:8080
2025-10-02 12:10:46.761 [main] INFO  it.unibo.harmonikt.robot-manager - Starting Robot Manager service...
2025-10-02 12:10:47.207 [main] INFO  io.ktor.server.Application - Autoreload is disabled because the development mode is off.
2025-10-02 12:10:47.349 [main] INFO  i.unibo.harmonikt.utils.ConsulPlugin - Installing ConsulPlugin with Consul URL: http://localhost:8500
2025-10-02 12:10:47.386 [main] INFO  io.ktor.server.Application - Application started in 0.589 seconds.
2025-10-02 12:10:47.468 [DefaultDispatcher-worker-1] INFO  io.ktor.server.Application - Responding at http://0.0.0.0:8080
2025-10-02 12:11:29.090 [main] INFO  it.unibo.harmonikt.robot-manager - Starting Robot Manager service...
2025-10-02 12:11:29.566 [main] INFO  io.ktor.server.Application - Autoreload is disabled because the development mode is off.
2025-10-02 12:11:29.714 [main] INFO  i.unibo.harmonikt.utils.ConsulPlugin - Installing ConsulPlugin with Consul URL: http://localhost:8500
2025-10-02 12:11:29.753 [main] INFO  io.ktor.server.Application - Application started in 0.627 seconds.
2025-10-02 12:11:29.837 [DefaultDispatcher-worker-1] INFO  io.ktor.server.Application - Responding at http://0.0.0.0:8080
2025-10-02 12:13:12.045 [main] INFO  it.unibo.harmonikt.robot-manager - Starting Robot Manager service...
2025-10-02 12:13:12.541 [main] INFO  io.ktor.server.Application - Autoreload is disabled because the development mode is off.
2025-10-02 12:13:12.684 [main] INFO  i.unibo.harmonikt.utils.ConsulPlugin - Installing ConsulPlugin with Consul URL: http://localhost:8500
2025-10-02 12:13:12.726 [main] INFO  io.ktor.server.Application - Application started in 0.646 seconds.
2025-10-02 12:13:12.814 [DefaultDispatcher-worker-1] INFO  io.ktor.server.Application - Responding at http://0.0.0.0:8080
2025-10-02 12:13:45.604 [main] INFO  it.unibo.harmonikt.robot-manager - Starting Robot Manager service...
2025-10-02 12:13:46.050 [main] INFO  io.ktor.server.Application - Autoreload is disabled because the development mode is off.
2025-10-02 12:13:46.197 [main] INFO  i.unibo.harmonikt.utils.ConsulPlugin - Installing ConsulPlugin with Consul URL: http://localhost:8500
2025-10-02 12:13:46.236 [main] INFO  io.ktor.server.Application - Application started in 0.599 seconds.
2025-10-02 12:13:46.319 [DefaultDispatcher-worker-1] INFO  io.ktor.server.Application - Responding at http://0.0.0.0:8080
2025-10-02 12:14:05.181 [main] INFO  it.unibo.harmonikt.robot-manager - Starting Robot Manager service...
2025-10-02 12:14:05.752 [main] INFO  io.ktor.server.Application - Autoreload is disabled because the development mode is off.
2025-10-02 12:14:05.894 [main] INFO  i.unibo.harmonikt.utils.ConsulPlugin - Installing ConsulPlugin with Consul URL: http://localhost:8500
2025-10-02 12:14:05.933 [main] INFO  io.ktor.server.Application - Application started in 0.711 seconds.
2025-10-02 12:14:06.011 [DefaultDispatcher-worker-1] INFO  io.ktor.server.Application - Responding at http://0.0.0.0:8080
2025-10-02 12:15:04.099 [main] INFO  it.unibo.harmonikt.robot-manager - Starting Robot Manager service...
2025-10-02 12:15:04.545 [main] INFO  io.ktor.server.Application - Autoreload is disabled because the development mode is off.
2025-10-02 12:15:04.684 [main] INFO  i.unibo.harmonikt.utils.ConsulPlugin - Installing ConsulPlugin with Consul URL: http://localhost:8500
2025-10-02 12:15:04.725 [main] INFO  io.ktor.server.Application - Application started in 0.592 seconds.
2025-10-02 12:15:04.807 [DefaultDispatcher-worker-1] INFO  io.ktor.server.Application - Responding at http://0.0.0.0:8080
2025-10-02 12:18:18.259 [eventLoopGroupProxy-4-1] INFO  i.unibo.harmonikt.utils.ConsulPlugin - Calling service: mir-service-745956eb-f4ed-4866-ae91-3e687dbe8bb8 at http://ansiela-2.local:8081/robots
2025-10-02 12:18:18.522 [DefaultDispatcher-worker-1] INFO  io.ktor.server.Application - [32m200 OK[m: [36mPOST[m - /robots in 440ms
2025-10-02 12:18:18.554 [eventLoopGroupProxy-4-2] INFO  io.ktor.server.Application - [32m200 OK[m: [36mPOST[m - /pois in 6ms
2025-10-02 12:18:18.919 [eventLoopGroupProxy-4-3] INFO  io.ktor.server.Application - [32m200 OK[m: [36mPOST[m - /pois/7f68135f-62d6-40df-9033-48e0a3edd7c2/markers in 4ms
2025-10-02 12:18:19.321 [DefaultDispatcher-worker-1] INFO  io.ktor.server.Application - [31m400 Bad Request[m: [36mPOST[m - /robots/dfb93afb-96ac-4fc7-af2e-7e3c61375583/actions in 7ms
2025-10-02 12:19:02.472 [main] INFO  it.unibo.harmonikt.robot-manager - Starting Robot Manager service...
2025-10-02 12:19:03.052 [main] INFO  io.ktor.server.Application - Autoreload is disabled because the development mode is off.
2025-10-02 12:19:03.246 [main] INFO  i.unibo.harmonikt.utils.ConsulPlugin - Installing ConsulPlugin with Consul URL: http://localhost:8500
2025-10-02 12:19:03.316 [main] INFO  io.ktor.server.Application - Application started in 0.797 seconds.
2025-10-02 12:19:03.418 [DefaultDispatcher-worker-1] INFO  io.ktor.server.Application - Responding at http://0.0.0.0:8080
2025-10-02 12:19:19.569 [eventLoopGroupProxy-4-1] INFO  i.unibo.harmonikt.utils.ConsulPlugin - Calling service: mir-service-745956eb-f4ed-4866-ae91-3e687dbe8bb8 at http://ansiela-2.local:8081/robots
2025-10-02 12:19:20.044 [eventLoopGroupProxy-4-2] INFO  io.ktor.server.Application - [32m200 OK[m: [36mPOST[m - /pois in 113ms
2025-10-02 12:19:20.044 [DefaultDispatcher-worker-1] INFO  io.ktor.server.Application - [32m200 OK[m: [36mPOST[m - /robots in 609ms
2025-10-02 12:19:20.309 [eventLoopGroupProxy-4-3] INFO  io.ktor.server.Application - [32m200 OK[m: [36mPOST[m - /pois/515a3264-230c-49e0-b214-cd288bd090ee/markers in 5ms
2025-10-02 12:19:20.708 [eventLoopGroupProxy-4-4] INFO  i.unibo.harmonikt.utils.ConsulPlugin - Calling service: mir-service-7ca4be11-5b30-47d0-9f07-977c665525d0 at http://ansiela-2.local:8081/robots/498a189b-1afe-4c32-b9fe-1a367eb92dcb/move
2025-10-02 12:19:55.261 [DefaultDispatcher-worker-4] INFO  io.ktor.server.Application - [31m500 Internal Server Error[m: [36mPOST[m - /robots/498a189b-1afe-4c32-b9fe-1a367eb92dcb/actions in 34566ms
2025-10-02 12:20:51.349 [main] INFO  it.unibo.harmonikt.robot-manager - Starting Robot Manager service...
2025-10-02 12:20:51.944 [main] INFO  io.ktor.server.Application - Autoreload is disabled because the development mode is off.
2025-10-02 12:20:52.148 [main] INFO  i.unibo.harmonikt.utils.ConsulPlugin - Installing ConsulPlugin with Consul URL: http://localhost:8500
2025-10-02 12:20:52.198 [main] INFO  io.ktor.server.Application - Application started in 0.769 seconds.
2025-10-02 12:20:52.292 [DefaultDispatcher-worker-1] INFO  io.ktor.server.Application - Responding at http://0.0.0.0:8080
2025-10-02 12:21:35.307 [main] INFO  it.unibo.harmonikt.robot-manager - Starting Robot Manager service...
2025-10-02 12:21:35.939 [main] INFO  io.ktor.server.Application - Autoreload is disabled because the development mode is off.
2025-10-02 12:21:36.132 [main] INFO  i.unibo.harmonikt.utils.ConsulPlugin - Installing ConsulPlugin with Consul URL: http://localhost:8500
2025-10-02 12:21:36.192 [main] INFO  io.ktor.server.Application - Application started in 0.838 seconds.
2025-10-02 12:21:36.323 [DefaultDispatcher-worker-1] INFO  io.ktor.server.Application - Responding at http://0.0.0.0:8080
2025-10-02 12:21:48.767 [eventLoopGroupProxy-4-1] INFO  io.ktor.server.Application - [32m200 OK[m: [36mGET[m - /robots in 324ms
2025-10-02 12:21:50.601 [eventLoopGroupProxy-4-2] INFO  i.unibo.harmonikt.utils.ConsulPlugin - Calling service: mir-service-229a7993-f56b-4441-b8a9-f7bf3707579b at http://ansiela-2.local:8081/robots
2025-10-02 12:21:50.767 [DefaultDispatcher-worker-1] INFO  io.ktor.server.Application - [32m200 OK[m: [36mPOST[m - /robots in 260ms
2025-10-02 12:21:50.960 [eventLoopGroupProxy-4-3] INFO  io.ktor.server.Application - [32m200 OK[m: [36mPOST[m - /pois in 4ms
2025-10-02 12:21:51.363 [eventLoopGroupProxy-4-4] INFO  io.ktor.server.Application - [32m200 OK[m: [36mPOST[m - /pois/ac2d3acf-8af1-4331-b08f-51be75fb6201/markers in 6ms
2025-10-02 12:21:51.768 [eventLoopGroupProxy-4-5] INFO  i.unibo.harmonikt.utils.ConsulPlugin - Calling service: mir-service-745956eb-f4ed-4866-ae91-3e687dbe8bb8 at http://ansiela-2.local:8081/robots/cf00fa85-8252-4a3a-83a9-44cf6d694da5/move
2025-10-02 12:22:01.789 [DefaultDispatcher-worker-3] INFO  io.ktor.server.Application - [31m500 Internal Server Error[m: [36mPOST[m - /robots/cf00fa85-8252-4a3a-83a9-44cf6d694da5/actions in 10038ms
2025-10-02 12:24:01.269 [main] INFO  it.unibo.harmonikt.robot-manager - Starting Robot Manager service...
2025-10-02 12:24:01.837 [main] INFO  io.ktor.server.Application - Autoreload is disabled because the development mode is off.
2025-10-02 12:24:02.008 [main] INFO  i.unibo.harmonikt.utils.ConsulPlugin - Installing ConsulPlugin with Consul URL: http://localhost:8500
2025-10-02 12:24:02.058 [main] INFO  io.ktor.server.Application - Application started in 0.748 seconds.
2025-10-02 12:24:02.155 [DefaultDispatcher-worker-1] INFO  io.ktor.server.Application - Responding at http://0.0.0.0:8080
2025-10-02 12:24:18.371 [main] INFO  it.unibo.harmonikt.robot-manager - Starting Robot Manager service...
2025-10-02 12:24:19.265 [main] INFO  io.ktor.server.Application - Autoreload is disabled because the development mode is off.
2025-10-02 12:24:19.620 [main] INFO  i.unibo.harmonikt.utils.ConsulPlugin - Installing ConsulPlugin with Consul URL: http://localhost:8500
2025-10-02 12:24:19.693 [main] INFO  io.ktor.server.Application - Application started in 1.279 seconds.
2025-10-02 12:24:19.886 [DefaultDispatcher-worker-1] INFO  io.ktor.server.Application - Responding at http://0.0.0.0:8080
2025-10-02 12:24:26.331 [main] INFO  it.unibo.harmonikt.robot-manager - Starting Robot Manager service...
2025-10-02 12:24:26.873 [main] INFO  io.ktor.server.Application - Autoreload is disabled because the development mode is off.
2025-10-02 12:24:27.063 [main] INFO  i.unibo.harmonikt.utils.ConsulPlugin - Installing ConsulPlugin with Consul URL: http://localhost:8500
2025-10-02 12:24:27.108 [main] INFO  io.ktor.server.Application - Application started in 0.731 seconds.
2025-10-02 12:24:27.213 [DefaultDispatcher-worker-1] INFO  io.ktor.server.Application - Responding at http://0.0.0.0:8080
2025-10-02 12:24:31.096 [eventLoopGroupProxy-4-1] INFO  i.unibo.harmonikt.utils.ConsulPlugin - Calling service: mir-service-229a7993-f56b-4441-b8a9-f7bf3707579b at http://ansiela-2.local:8081/robots
2025-10-02 12:24:31.696 [DefaultDispatcher-worker-1] INFO  io.ktor.server.Application - [32m200 OK[m: [36mPOST[m - /robots in 708ms
2025-10-02 12:24:31.696 [eventLoopGroupProxy-4-2] INFO  io.ktor.server.Application - [32m200 OK[m: [36mPOST[m - /pois in 243ms
2025-10-02 12:24:31.833 [eventLoopGroupProxy-4-3] INFO  io.ktor.server.Application - [32m200 OK[m: [36mPOST[m - /pois/a16a7ffb-151c-44b6-b9ac-a314a00cbec8/markers in 5ms
2025-10-02 12:24:32.237 [eventLoopGroupProxy-4-4] INFO  i.unibo.harmonikt.utils.ConsulPlugin - Calling service: mir-service-26147d98-7744-4fa4-a5ba-d059fb1a962e at http://ansiela-2.local:8081/robots/6c9b9408-d42c-4880-aaad-4ef09afb8376/move
2025-10-02 12:24:42.278 [DefaultDispatcher-worker-2] INFO  io.ktor.server.Application - [31m500 Internal Server Error[m: [36mPOST[m - /robots/6c9b9408-d42c-4880-aaad-4ef09afb8376/actions in 10058ms
2025-10-02 12:24:54.719 [main] INFO  it.unibo.harmonikt.robot-manager - Starting Robot Manager service...
2025-10-02 12:24:55.320 [main] INFO  io.ktor.server.Application - Autoreload is disabled because the development mode is off.
2025-10-02 12:24:55.501 [main] INFO  i.unibo.harmonikt.utils.ConsulPlugin - Installing ConsulPlugin with Consul URL: http://localhost:8500
2025-10-02 12:24:55.591 [main] INFO  io.ktor.server.Application - Application started in 0.825 seconds.
2025-10-02 12:24:55.767 [DefaultDispatcher-worker-1] INFO  io.ktor.server.Application - Responding at http://0.0.0.0:8080
2025-10-02 12:26:19.671 [main] INFO  it.unibo.harmonikt.robot-manager - Starting Robot Manager service...
2025-10-02 12:26:20.266 [main] INFO  io.ktor.server.Application - Autoreload is disabled because the development mode is off.
2025-10-02 12:26:20.595 [main] INFO  i.unibo.harmonikt.utils.ConsulPlugin - Installing ConsulPlugin with Consul URL: http://localhost:8500
2025-10-02 12:26:20.799 [main] INFO  io.ktor.server.Application - Application started in 1.088 seconds.
2025-10-02 12:26:20.921 [DefaultDispatcher-worker-1] INFO  io.ktor.server.Application - Responding at http://0.0.0.0:8080
2025-10-02 12:26:33.526 [main] INFO  it.unibo.harmonikt.robot-manager - Starting Robot Manager service...
2025-10-02 12:26:34.066 [main] INFO  io.ktor.server.Application - Autoreload is disabled because the development mode is off.
2025-10-02 12:26:34.233 [main] INFO  i.unibo.harmonikt.utils.ConsulPlugin - Installing ConsulPlugin with Consul URL: http://localhost:8500
2025-10-02 12:26:34.278 [main] INFO  io.ktor.server.Application - Application started in 0.711 seconds.
2025-10-02 12:26:34.376 [DefaultDispatcher-worker-1] INFO  io.ktor.server.Application - Responding at http://0.0.0.0:8080
2025-10-02 12:26:55.423 [main] INFO  it.unibo.harmonikt.robot-manager - Starting Robot Manager service...
2025-10-02 12:26:55.978 [main] INFO  io.ktor.server.Application - Autoreload is disabled because the development mode is off.
2025-10-02 12:26:56.198 [main] INFO  i.unibo.harmonikt.utils.ConsulPlugin - Installing ConsulPlugin with Consul URL: http://localhost:8500
2025-10-02 12:26:56.264 [main] INFO  io.ktor.server.Application - Application started in 0.787 seconds.
2025-10-02 12:26:56.378 [DefaultDispatcher-worker-1] INFO  io.ktor.server.Application - Responding at http://0.0.0.0:8080
2025-10-02 12:28:09.121 [main] INFO  it.unibo.harmonikt.robot-manager - Starting Robot Manager service...
2025-10-02 12:28:09.655 [main] INFO  io.ktor.server.Application - Autoreload is disabled because the development mode is off.
2025-10-02 12:28:09.816 [main] INFO  i.unibo.harmonikt.utils.ConsulPlugin - Installing ConsulPlugin with Consul URL: http://localhost:8500
2025-10-02 12:28:09.854 [main] INFO  io.ktor.server.Application - Application started in 0.675 seconds.
2025-10-02 12:28:09.927 [DefaultDispatcher-worker-1] INFO  io.ktor.server.Application - Responding at http://0.0.0.0:8080
2025-10-02 12:29:09.902 [main] INFO  it.unibo.harmonikt.robot-manager - Starting Robot Manager service...
2025-10-02 12:29:10.460 [main] INFO  io.ktor.server.Application - Autoreload is disabled because the development mode is off.
2025-10-02 12:29:10.641 [main] INFO  i.unibo.harmonikt.utils.ConsulPlugin - Installing ConsulPlugin with Consul URL: http://localhost:8500
2025-10-02 12:29:10.684 [main] INFO  io.ktor.server.Application - Application started in 0.742 seconds.
2025-10-02 12:29:10.782 [DefaultDispatcher-worker-1] INFO  io.ktor.server.Application - Responding at http://0.0.0.0:8080
2025-10-02 12:30:54.709 [main] INFO  it.unibo.harmonikt.robot-manager - Starting Robot Manager service...
2025-10-02 12:30:55.203 [main] INFO  io.ktor.server.Application - Autoreload is disabled because the development mode is off.
2025-10-02 12:30:55.394 [main] INFO  i.unibo.harmonikt.utils.ConsulPlugin - Installing ConsulPlugin with Consul URL: http://localhost:8500
2025-10-02 12:30:55.439 [main] INFO  io.ktor.server.Application - Application started in 0.694 seconds.
2025-10-02 12:30:55.528 [DefaultDispatcher-worker-1] INFO  io.ktor.server.Application - Responding at http://0.0.0.0:8080
2025-10-02 12:32:35.405 [main] INFO  it.unibo.harmonikt.robot-manager - Starting Robot Manager service...
2025-10-02 12:32:36.073 [main] INFO  io.ktor.server.Application - Autoreload is disabled because the development mode is off.
2025-10-02 12:32:36.227 [main] INFO  i.unibo.harmonikt.utils.ConsulPlugin - Installing ConsulPlugin with Consul URL: http://localhost:8500
2025-10-02 12:32:36.265 [main] INFO  io.ktor.server.Application - Application started in 0.818 seconds.
2025-10-02 12:32:36.346 [DefaultDispatcher-worker-1] INFO  io.ktor.server.Application - Responding at http://0.0.0.0:8080
2025-10-02 12:32:50.178 [main] INFO  it.unibo.harmonikt.robot-manager - Starting Robot Manager service...
2025-10-02 12:32:50.612 [main] INFO  io.ktor.server.Application - Autoreload is disabled because the development mode is off.
2025-10-02 12:32:50.746 [main] INFO  i.unibo.harmonikt.utils.ConsulPlugin - Installing ConsulPlugin with Consul URL: http://localhost:8500
2025-10-02 12:32:50.786 [main] INFO  io.ktor.server.Application - Application started in 0.576 seconds.
2025-10-02 12:32:50.863 [DefaultDispatcher-worker-1] INFO  io.ktor.server.Application - Responding at http://0.0.0.0:8080
2025-10-02 12:34:14.836 [main] INFO  it.unibo.harmonikt.robot-manager - Starting Robot Manager service...
2025-10-02 12:34:15.275 [main] INFO  io.ktor.server.Application - Autoreload is disabled because the development mode is off.
2025-10-02 12:34:15.404 [main] INFO  i.unibo.harmonikt.utils.ConsulPlugin - Installing ConsulPlugin with Consul URL: http://localhost:8500
2025-10-02 12:34:15.443 [main] INFO  io.ktor.server.Application - Application started in 0.574 seconds.
2025-10-02 12:34:15.528 [DefaultDispatcher-worker-1] INFO  io.ktor.server.Application - Responding at http://0.0.0.0:8080
2025-10-02 12:35:08.133 [main] INFO  it.unibo.harmonikt.robot-manager - Starting Robot Manager service...
2025-10-02 12:35:08.798 [main] INFO  io.ktor.server.Application - Autoreload is disabled because the development mode is off.
2025-10-02 12:35:09.010 [main] INFO  i.unibo.harmonikt.utils.ConsulPlugin - Installing ConsulPlugin with Consul URL: http://localhost:8500
2025-10-02 12:35:09.057 [main] INFO  io.ktor.server.Application - Application started in 0.887 seconds.
2025-10-02 12:35:09.164 [DefaultDispatcher-worker-1] INFO  io.ktor.server.Application - Responding at http://0.0.0.0:8080
2025-10-02 12:37:54.348 [main] INFO  it.unibo.harmonikt.robot-manager - Starting Robot Manager service...
2025-10-02 12:37:55.181 [main] INFO  io.ktor.server.Application - Autoreload is disabled because the development mode is off.
2025-10-02 12:37:55.386 [main] INFO  i.unibo.harmonikt.utils.ConsulPlugin - Installing ConsulPlugin with Consul URL: http://localhost:8500
2025-10-02 12:37:55.422 [main] INFO  io.ktor.server.Application - Application started in 1.021 seconds.
2025-10-02 12:37:55.525 [DefaultDispatcher-worker-1] INFO  io.ktor.server.Application - Responding at http://0.0.0.0:8080
2025-10-02 12:38:24.295 [main] INFO  it.unibo.harmonikt.robot-manager - Starting Robot Manager service...
2025-10-02 12:38:33.883 [main] INFO  it.unibo.harmonikt.robot-manager - Starting Robot Manager service...
2025-10-02 12:38:34.486 [main] INFO  io.ktor.server.Application - Autoreload is disabled because the development mode is off.
2025-10-02 12:38:34.661 [main] INFO  i.unibo.harmonikt.utils.ConsulPlugin - Installing ConsulPlugin with Consul URL: http://localhost:8500
2025-10-02 12:38:34.706 [main] INFO  io.ktor.server.Application - Application started in 0.769 seconds.
2025-10-02 12:38:34.807 [DefaultDispatcher-worker-1] INFO  io.ktor.server.Application - Responding at http://0.0.0.0:8080
2025-10-02 12:39:11.841 [eventLoopGroupProxy-4-1] INFO  i.unibo.harmonikt.utils.ConsulPlugin - Calling service: mir-service-04a268d2-0464-40a8-a2ab-b3983dc570c7 at http://ansiela-2.local:8081/robots
2025-10-02 12:39:12.310 [DefaultDispatcher-worker-1] INFO  io.ktor.server.Application - [32m200 OK[m: [36mPOST[m - /robots in 600ms
2025-10-02 12:39:12.310 [eventLoopGroupProxy-4-2] INFO  io.ktor.server.Application - [32m200 OK[m: [36mPOST[m - /pois in 105ms
2025-10-02 12:39:12.585 [eventLoopGroupProxy-4-3] INFO  io.ktor.server.Application - [32m200 OK[m: [36mPOST[m - /pois/c379fea5-f200-4200-be5e-da73a3badad9/markers in 5ms
2025-10-02 12:39:12.974 [eventLoopGroupProxy-4-4] INFO  i.unibo.harmonikt.utils.ConsulPlugin - Calling service: mir-service-229a7993-f56b-4441-b8a9-f7bf3707579b at http://ansiela-2.local:8081/robots/d91eac3e-a995-405b-887c-83ab7fdc7fbd/move
2025-10-02 12:39:23.007 [DefaultDispatcher-worker-1] INFO  io.ktor.server.Application - [31m500 Internal Server Error[m: [36mPOST[m - /robots/d91eac3e-a995-405b-887c-83ab7fdc7fbd/actions in 10052ms
2025-10-02 12:40:17.023 [main] INFO  it.unibo.harmonikt.robot-manager - Starting Robot Manager service...
2025-10-02 12:40:17.663 [main] INFO  io.ktor.server.Application - Autoreload is disabled because the development mode is off.
2025-10-02 12:40:18.070 [main] INFO  i.unibo.harmonikt.utils.ConsulPlugin - Installing ConsulPlugin with Consul URL: http://localhost:8500
2025-10-02 12:40:18.180 [main] INFO  io.ktor.server.Application - Application started in 1.115 seconds.
2025-10-02 12:40:18.347 [DefaultDispatcher-worker-1] INFO  io.ktor.server.Application - Responding at http://0.0.0.0:8080
2025-10-02 12:40:23.575 [main] INFO  it.unibo.harmonikt.robot-manager - Starting Robot Manager service...
2025-10-02 12:40:24.019 [main] INFO  io.ktor.server.Application - Autoreload is disabled because the development mode is off.
2025-10-02 12:40:24.152 [main] INFO  i.unibo.harmonikt.utils.ConsulPlugin - Installing ConsulPlugin with Consul URL: http://localhost:8500
2025-10-02 12:40:24.193 [main] INFO  io.ktor.server.Application - Application started in 0.584 seconds.
2025-10-02 12:42:54.331 [main] INFO  it.unibo.harmonikt.robot-manager - Starting Robot Manager service...
2025-10-02 12:42:54.908 [main] INFO  io.ktor.server.Application - Autoreload is disabled because the development mode is off.
2025-10-02 12:42:55.116 [main] INFO  i.unibo.harmonikt.utils.ConsulPlugin - Installing ConsulPlugin with Consul URL: http://localhost:8500
2025-10-02 12:42:55.164 [main] INFO  io.ktor.server.Application - Application started in 0.782 seconds.
2025-10-02 12:42:55.282 [DefaultDispatcher-worker-1] INFO  io.ktor.server.Application - Responding at http://0.0.0.0:8080
2025-10-02 12:43:27.641 [main] INFO  it.unibo.harmonikt.robot-manager - Starting Robot Manager service...
2025-10-02 12:43:28.151 [main] INFO  io.ktor.server.Application - Autoreload is disabled because the development mode is off.
2025-10-02 12:43:28.276 [main] INFO  i.unibo.harmonikt.utils.ConsulPlugin - Installing ConsulPlugin with Consul URL: http://localhost:8500
2025-10-02 12:43:28.313 [main] INFO  io.ktor.server.Application - Application started in 0.626 seconds.
2025-10-02 12:44:00.387 [main] INFO  it.unibo.harmonikt.robot-manager - Starting Robot Manager service...
2025-10-02 12:44:01.246 [main] INFO  io.ktor.server.Application - Autoreload is disabled because the development mode is off.
2025-10-02 12:44:01.475 [main] INFO  i.unibo.harmonikt.utils.ConsulPlugin - Installing ConsulPlugin with Consul URL: http://localhost:8500
2025-10-02 12:44:01.547 [main] INFO  io.ktor.server.Application - Application started in 1.079 seconds.
2025-10-02 12:44:01.674 [DefaultDispatcher-worker-1] INFO  io.ktor.server.Application - Responding at http://0.0.0.0:8080
2025-10-02 12:44:20.455 [main] INFO  it.unibo.harmonikt.robot-manager - Starting Robot Manager service...
2025-10-02 12:44:20.905 [main] INFO  io.ktor.server.Application - Autoreload is disabled because the development mode is off.
2025-10-02 12:44:21.069 [main] INFO  i.unibo.harmonikt.utils.ConsulPlugin - Installing ConsulPlugin with Consul URL: http://localhost:8500
2025-10-02 12:44:21.114 [main] INFO  io.ktor.server.Application - Application started in 0.614 seconds.
2025-10-02 12:44:33.264 [main] INFO  it.unibo.harmonikt.robot-manager - Starting Robot Manager service...
2025-10-02 12:44:33.852 [main] INFO  io.ktor.server.Application - Autoreload is disabled because the development mode is off.
2025-10-02 12:44:34.015 [main] INFO  i.unibo.harmonikt.utils.ConsulPlugin - Installing ConsulPlugin with Consul URL: http://localhost:8500
2025-10-02 12:44:34.061 [main] INFO  io.ktor.server.Application - Application started in 0.751 seconds.
2025-10-02 12:44:34.154 [DefaultDispatcher-worker-1] INFO  io.ktor.server.Application - Responding at http://0.0.0.0:8080
2025-10-02 12:44:58.195 [main] INFO  it.unibo.harmonikt.robot-manager - Starting Robot Manager service...
2025-10-02 12:44:58.614 [main] INFO  io.ktor.server.Application - Autoreload is disabled because the development mode is off.
2025-10-02 12:44:58.746 [main] INFO  i.unibo.harmonikt.utils.ConsulPlugin - Installing ConsulPlugin with Consul URL: http://localhost:8500
2025-10-02 12:44:58.778 [main] INFO  io.ktor.server.Application - Application started in 0.548 seconds.
